----------------------------------------ARGUMENTS----------------------------------------
data_path                                ../TripAdvisor/reviews.pickle
index_dir                                ../TripAdvisor/1/
emsize                                   512
nhead                                    2
nhid                                     2048
nlayers                                  2
dropout                                  0.2
lr                                       1.0
clip                                     1.0
epochs                                   100
batch_size                               128
seed                                     1111
cuda                                     True
log_interval                             200
checkpoint                               ./tripadvisorf/
outf                                     generated.txt
vocab_size                               20000
endure_times                             5
rating_reg                               0.1
context_reg                              1.0
text_reg                                 1.0
peter_mask                               True
use_feature                              True
words                                    15
----------------------------------------ARGUMENTS----------------------------------------
[2020-12-29 14:11:36.866766]: Loading data
[2020-12-29 14:11:52.061280]: epoch 1
[2020-12-29 14:12:24.752968]: context ppl 1943.7975 | text ppl 1163.9227 | rating loss 3.3076 |   200/ 2001 batches
[2020-12-29 14:12:57.595477]: context ppl 686.6366 | text ppl 264.5850 | rating loss 1.4687 |   400/ 2001 batches
[2020-12-29 14:13:30.670159]: context ppl 594.4420 | text ppl 168.6729 | rating loss 1.0909 |   600/ 2001 batches
[2020-12-29 14:14:03.929570]: context ppl 541.9854 | text ppl 125.4050 | rating loss 0.9652 |   800/ 2001 batches
[2020-12-29 14:14:37.283676]: context ppl 513.7676 | text ppl 105.4255 | rating loss 0.8808 |  1000/ 2001 batches
[2020-12-29 14:15:10.696331]: context ppl 495.8160 | text ppl 91.2674 | rating loss 0.9161 |  1200/ 2001 batches
[2020-12-29 14:15:44.143925]: context ppl 490.2028 | text ppl 85.7133 | rating loss 0.9080 |  1400/ 2001 batches
[2020-12-29 14:16:17.515158]: context ppl 475.1794 | text ppl 78.2396 | rating loss 0.8909 |  1600/ 2001 batches
[2020-12-29 14:16:50.887703]: context ppl 466.6568 | text ppl 72.5539 | rating loss 0.8728 |  1800/ 2001 batches
[2020-12-29 14:17:24.291436]: context ppl 462.4521 | text ppl 69.2630 | rating loss 0.8882 |  2000/ 2001 batches
[2020-12-29 14:17:24.345009]: context ppl 543.8078 | text ppl 91.8888 | rating loss 0.5306 |  2001/ 2001 batches
[2020-12-29 14:17:39.072365]: context ppl 477.7492 | text ppl 60.8432 | rating loss 0.8231 | valid loss 4.9314 on validation
[2020-12-29 14:17:39.550212]: epoch 2
[2020-12-29 14:18:13.107159]: context ppl 459.8018 | text ppl 63.8120 | rating loss 0.8345 |   200/ 2001 batches
[2020-12-29 14:18:46.524494]: context ppl 459.0213 | text ppl 62.2940 | rating loss 0.8396 |   400/ 2001 batches
[2020-12-29 14:19:19.962840]: context ppl 455.6323 | text ppl 60.0429 | rating loss 0.8428 |   600/ 2001 batches
[2020-12-29 14:19:53.414292]: context ppl 453.0268 | text ppl 58.5048 | rating loss 0.8242 |   800/ 2001 batches
[2020-12-29 14:20:26.786042]: context ppl 451.6480 | text ppl 57.4904 | rating loss 0.8254 |  1000/ 2001 batches
[2020-12-29 14:21:00.175952]: context ppl 447.7716 | text ppl 55.7349 | rating loss 0.8477 |  1200/ 2001 batches
[2020-12-29 14:21:33.556112]: context ppl 444.9786 | text ppl 53.8969 | rating loss 0.8241 |  1400/ 2001 batches
[2020-12-29 14:22:06.930301]: context ppl 444.3385 | text ppl 52.9814 | rating loss 0.8257 |  1600/ 2001 batches
[2020-12-29 14:22:40.321491]: context ppl 441.9303 | text ppl 51.8180 | rating loss 0.8434 |  1800/ 2001 batches
[2020-12-29 14:23:13.573859]: context ppl 439.5145 | text ppl 51.1481 | rating loss 0.8467 |  2000/ 2001 batches
[2020-12-29 14:23:13.625170]: context ppl 410.4380 | text ppl 46.0230 | rating loss 0.5190 |  2001/ 2001 batches
[2020-12-29 14:23:28.354739]: context ppl 428.3425 | text ppl 45.3792 | rating loss 0.8223 | valid loss 4.6374 on validation
[2020-12-29 14:23:28.843003]: epoch 3
[2020-12-29 14:24:02.348089]: context ppl 438.3679 | text ppl 47.8416 | rating loss 0.8414 |   200/ 2001 batches
[2020-12-29 14:24:35.610290]: context ppl 435.9584 | text ppl 47.4673 | rating loss 0.8310 |   400/ 2001 batches
[2020-12-29 14:25:08.958035]: context ppl 439.2706 | text ppl 47.0623 | rating loss 0.8472 |   600/ 2001 batches
[2020-12-29 14:25:42.246482]: context ppl 434.1442 | text ppl 46.0407 | rating loss 0.8377 |   800/ 2001 batches
[2020-12-29 14:26:15.450472]: context ppl 436.6145 | text ppl 46.4058 | rating loss 0.8240 |  1000/ 2001 batches
[2020-12-29 14:26:48.653696]: context ppl 437.6889 | text ppl 46.3937 | rating loss 0.8155 |  1200/ 2001 batches
[2020-12-29 14:27:21.822473]: context ppl 432.4460 | text ppl 45.0764 | rating loss 0.8343 |  1400/ 2001 batches
[2020-12-29 14:27:55.040593]: context ppl 434.8106 | text ppl 45.1281 | rating loss 0.8319 |  1600/ 2001 batches
[2020-12-29 14:28:28.244330]: context ppl 436.5222 | text ppl 44.7133 | rating loss 0.8394 |  1800/ 2001 batches
[2020-12-29 14:29:01.459998]: context ppl 431.3880 | text ppl 43.9834 | rating loss 0.8283 |  2000/ 2001 batches
[2020-12-29 14:29:01.512468]: context ppl 410.3198 | text ppl 43.9169 | rating loss 0.4489 |  2001/ 2001 batches
[2020-12-29 14:29:16.234745]: context ppl 424.4509 | text ppl 40.2351 | rating loss 0.8332 | valid loss 4.5279 on validation
[2020-12-29 14:29:16.725207]: epoch 4
[2020-12-29 14:29:50.042086]: context ppl 431.3659 | text ppl 41.4715 | rating loss 0.8382 |   200/ 2001 batches
[2020-12-29 14:30:23.248753]: context ppl 431.7707 | text ppl 41.8154 | rating loss 0.8372 |   400/ 2001 batches
[2020-12-29 14:30:56.475232]: context ppl 427.6620 | text ppl 41.0434 | rating loss 0.8263 |   600/ 2001 batches
[2020-12-29 14:31:29.681381]: context ppl 431.4907 | text ppl 41.1994 | rating loss 0.8301 |   800/ 2001 batches
[2020-12-29 14:32:02.809358]: context ppl 431.0287 | text ppl 41.4649 | rating loss 0.8250 |  1000/ 2001 batches
[2020-12-29 14:32:35.969833]: context ppl 430.3206 | text ppl 40.6525 | rating loss 0.8179 |  1200/ 2001 batches
[2020-12-29 14:33:09.183102]: context ppl 431.2752 | text ppl 40.9802 | rating loss 0.8184 |  1400/ 2001 batches
[2020-12-29 14:33:42.318656]: context ppl 426.5456 | text ppl 40.2849 | rating loss 0.8271 |  1600/ 2001 batches
[2020-12-29 14:34:15.421865]: context ppl 422.5647 | text ppl 39.3382 | rating loss 0.8441 |  1800/ 2001 batches
[2020-12-29 14:34:48.537963]: context ppl 429.5658 | text ppl 39.9878 | rating loss 0.8393 |  2000/ 2001 batches
[2020-12-29 14:34:48.590737]: context ppl 405.4091 | text ppl 41.0154 | rating loss 0.6068 |  2001/ 2001 batches
[2020-12-29 14:35:03.316242]: context ppl 425.1129 | text ppl 37.7829 | rating loss 0.8234 | valid loss 4.4552 on validation
[2020-12-29 14:35:03.804149]: epoch 5
[2020-12-29 14:35:37.210029]: context ppl 425.1412 | text ppl 37.4386 | rating loss 0.8310 |   200/ 2001 batches
[2020-12-29 14:36:10.396285]: context ppl 424.4708 | text ppl 37.6498 | rating loss 0.8273 |   400/ 2001 batches
[2020-12-29 14:36:43.599586]: context ppl 423.7444 | text ppl 37.3640 | rating loss 0.8201 |   600/ 2001 batches
[2020-12-29 14:37:16.762746]: context ppl 423.3893 | text ppl 37.9728 | rating loss 0.8273 |   800/ 2001 batches
[2020-12-29 14:37:49.945947]: context ppl 426.7873 | text ppl 37.9633 | rating loss 0.8238 |  1000/ 2001 batches
[2020-12-29 14:38:23.046636]: context ppl 424.6011 | text ppl 37.9362 | rating loss 0.8127 |  1200/ 2001 batches
[2020-12-29 14:38:56.216677]: context ppl 427.0199 | text ppl 37.6270 | rating loss 0.8227 |  1400/ 2001 batches
[2020-12-29 14:39:29.292884]: context ppl 424.7302 | text ppl 37.9547 | rating loss 0.8299 |  1600/ 2001 batches
[2020-12-29 14:40:02.484756]: context ppl 420.3810 | text ppl 37.1054 | rating loss 0.8004 |  1800/ 2001 batches
[2020-12-29 14:40:35.586664]: context ppl 419.8127 | text ppl 37.1426 | rating loss 0.8086 |  2000/ 2001 batches
[2020-12-29 14:40:35.639610]: context ppl 481.6742 | text ppl 50.9775 | rating loss 0.4651 |  2001/ 2001 batches
[2020-12-29 14:40:50.377614]: context ppl 418.3427 | text ppl 35.1400 | rating loss 0.9295 | valid loss 4.4889 on validation
[2020-12-29 14:40:50.377969]: Endured 1 time(s)
[2020-12-29 14:40:50.378119]: Learning rate set to 0.25000000
[2020-12-29 14:40:50.378143]: epoch 6
[2020-12-29 14:41:23.502313]: context ppl 411.8422 | text ppl 33.0505 | rating loss 0.7831 |   200/ 2001 batches
[2020-12-29 14:41:56.509687]: context ppl 411.2497 | text ppl 32.3811 | rating loss 0.7783 |   400/ 2001 batches
[2020-12-29 14:42:29.501260]: context ppl 407.8758 | text ppl 32.2656 | rating loss 0.7754 |   600/ 2001 batches
[2020-12-29 14:43:02.477288]: context ppl 409.6319 | text ppl 31.9757 | rating loss 0.7820 |   800/ 2001 batches
[2020-12-29 14:43:35.457980]: context ppl 408.5081 | text ppl 31.9913 | rating loss 0.7807 |  1000/ 2001 batches
[2020-12-29 14:44:08.397521]: context ppl 411.3060 | text ppl 32.0058 | rating loss 0.7778 |  1200/ 2001 batches
[2020-12-29 14:44:41.363522]: context ppl 408.0555 | text ppl 32.0044 | rating loss 0.7754 |  1400/ 2001 batches
[2020-12-29 14:45:14.326689]: context ppl 408.2566 | text ppl 31.6583 | rating loss 0.7829 |  1600/ 2001 batches
[2020-12-29 14:45:47.285503]: context ppl 407.1061 | text ppl 31.8989 | rating loss 0.7849 |  1800/ 2001 batches
[2020-12-29 14:46:20.247694]: context ppl 408.5488 | text ppl 31.6511 | rating loss 0.7657 |  2000/ 2001 batches
[2020-12-29 14:46:20.300290]: context ppl 250.8970 | text ppl 16.6901 | rating loss 0.9182 |  2001/ 2001 batches
[2020-12-29 14:46:35.022816]: context ppl 412.8949 | text ppl 32.3689 | rating loss 0.7662 | valid loss 4.2434 on validation
[2020-12-29 14:46:35.510742]: epoch 7
[2020-12-29 14:47:08.655144]: context ppl 407.8562 | text ppl 30.9143 | rating loss 0.7689 |   200/ 2001 batches
[2020-12-29 14:47:41.680288]: context ppl 404.6587 | text ppl 30.6378 | rating loss 0.7678 |   400/ 2001 batches
[2020-12-29 14:48:14.625521]: context ppl 406.2403 | text ppl 30.5482 | rating loss 0.7511 |   600/ 2001 batches
[2020-12-29 14:48:47.669694]: context ppl 403.7871 | text ppl 30.7289 | rating loss 0.7640 |   800/ 2001 batches
[2020-12-29 14:49:20.719674]: context ppl 408.6631 | text ppl 31.0746 | rating loss 0.7690 |  1000/ 2001 batches
[2020-12-29 14:49:53.776619]: context ppl 406.4812 | text ppl 30.9507 | rating loss 0.7561 |  1200/ 2001 batches
[2020-12-29 14:50:26.836007]: context ppl 409.4950 | text ppl 31.3776 | rating loss 0.7620 |  1400/ 2001 batches
[2020-12-29 14:50:59.945870]: context ppl 405.5729 | text ppl 31.0098 | rating loss 0.7630 |  1600/ 2001 batches
[2020-12-29 14:51:32.945627]: context ppl 402.2840 | text ppl 30.5551 | rating loss 0.7501 |  1800/ 2001 batches
[2020-12-29 14:52:06.026837]: context ppl 407.1521 | text ppl 31.0143 | rating loss 0.7626 |  2000/ 2001 batches
[2020-12-29 14:52:06.079769]: context ppl 439.4165 | text ppl 34.7673 | rating loss 0.4422 |  2001/ 2001 batches
[2020-12-29 14:52:20.822803]: context ppl 409.9613 | text ppl 31.6303 | rating loss 0.7544 | valid loss 4.2085 on validation
[2020-12-29 14:52:21.328256]: epoch 8
[2020-12-29 14:52:54.743762]: context ppl 407.4901 | text ppl 30.5298 | rating loss 0.7464 |   200/ 2001 batches
[2020-12-29 14:53:27.997691]: context ppl 402.2898 | text ppl 29.7479 | rating loss 0.7262 |   400/ 2001 batches
[2020-12-29 14:54:01.271912]: context ppl 403.7553 | text ppl 29.9877 | rating loss 0.7501 |   600/ 2001 batches
[2020-12-29 14:54:34.672041]: context ppl 402.9416 | text ppl 29.9347 | rating loss 0.7428 |   800/ 2001 batches
[2020-12-29 14:55:07.945511]: context ppl 405.7459 | text ppl 30.2275 | rating loss 0.7589 |  1000/ 2001 batches
[2020-12-29 14:55:41.288134]: context ppl 401.6749 | text ppl 30.2240 | rating loss 0.7474 |  1200/ 2001 batches
[2020-12-29 14:56:14.671581]: context ppl 403.2411 | text ppl 30.5125 | rating loss 0.7382 |  1400/ 2001 batches
[2020-12-29 14:56:48.048747]: context ppl 403.4131 | text ppl 30.2890 | rating loss 0.7402 |  1600/ 2001 batches
[2020-12-29 14:57:21.430740]: context ppl 398.3259 | text ppl 29.7485 | rating loss 0.7478 |  1800/ 2001 batches
[2020-12-29 14:57:54.732147]: context ppl 403.4120 | text ppl 30.2268 | rating loss 0.7413 |  2000/ 2001 batches
[2020-12-29 14:57:54.785303]: context ppl 710.5932 | text ppl 48.0677 | rating loss 0.3952 |  2001/ 2001 batches
[2020-12-29 14:58:09.506329]: context ppl 407.8962 | text ppl 31.1926 | rating loss 0.7342 | valid loss 4.1744 on validation
[2020-12-29 14:58:09.998560]: epoch 9
[2020-12-29 14:58:43.592577]: context ppl 399.9924 | text ppl 29.1582 | rating loss 0.7227 |   200/ 2001 batches
[2020-12-29 14:59:16.982744]: context ppl 401.3483 | text ppl 29.3934 | rating loss 0.7241 |   400/ 2001 batches
[2020-12-29 14:59:50.361542]: context ppl 398.7350 | text ppl 29.3100 | rating loss 0.7173 |   600/ 2001 batches
[2020-12-29 15:00:23.781322]: context ppl 400.8507 | text ppl 29.4452 | rating loss 0.7328 |   800/ 2001 batches
[2020-12-29 15:00:57.223949]: context ppl 398.8184 | text ppl 29.2882 | rating loss 0.7372 |  1000/ 2001 batches
[2020-12-29 15:01:30.602430]: context ppl 396.6641 | text ppl 29.3496 | rating loss 0.7274 |  1200/ 2001 batches
[2020-12-29 15:02:03.942501]: context ppl 401.2802 | text ppl 29.7195 | rating loss 0.7338 |  1400/ 2001 batches
[2020-12-29 15:02:37.386626]: context ppl 401.6107 | text ppl 29.7086 | rating loss 0.7278 |  1600/ 2001 batches
[2020-12-29 15:03:10.768532]: context ppl 400.9569 | text ppl 29.8958 | rating loss 0.7300 |  1800/ 2001 batches
[2020-12-29 15:03:44.176062]: context ppl 401.8324 | text ppl 29.8657 | rating loss 0.7251 |  2000/ 2001 batches
[2020-12-29 15:03:44.227693]: context ppl 298.9541 | text ppl 22.5564 | rating loss 0.4730 |  2001/ 2001 batches
[2020-12-29 15:03:58.939147]: context ppl 406.6841 | text ppl 30.9105 | rating loss 0.7204 | valid loss 4.1515 on validation
[2020-12-29 15:03:59.423569]: epoch 10
[2020-12-29 15:04:32.976911]: context ppl 394.5139 | text ppl 28.3522 | rating loss 0.7057 |   200/ 2001 batches
[2020-12-29 15:05:06.365616]: context ppl 396.7128 | text ppl 28.7022 | rating loss 0.7188 |   400/ 2001 batches
[2020-12-29 15:05:39.729472]: context ppl 395.3421 | text ppl 28.6997 | rating loss 0.7190 |   600/ 2001 batches
[2020-12-29 15:06:13.124945]: context ppl 398.3364 | text ppl 28.9169 | rating loss 0.7202 |   800/ 2001 batches
[2020-12-29 15:06:46.507707]: context ppl 399.1218 | text ppl 28.9976 | rating loss 0.7028 |  1000/ 2001 batches
[2020-12-29 15:07:19.896977]: context ppl 400.3850 | text ppl 29.3080 | rating loss 0.7131 |  1200/ 2001 batches
[2020-12-29 15:07:53.302836]: context ppl 397.2932 | text ppl 29.0907 | rating loss 0.7273 |  1400/ 2001 batches
[2020-12-29 15:08:26.746898]: context ppl 397.3399 | text ppl 29.0399 | rating loss 0.7090 |  1600/ 2001 batches
[2020-12-29 15:09:00.165305]: context ppl 396.5212 | text ppl 29.1643 | rating loss 0.7138 |  1800/ 2001 batches
[2020-12-29 15:09:33.590859]: context ppl 395.6568 | text ppl 29.1368 | rating loss 0.6978 |  2000/ 2001 batches
[2020-12-29 15:09:33.642877]: context ppl 308.6629 | text ppl 20.1011 | rating loss 0.5715 |  2001/ 2001 batches
[2020-12-29 15:09:48.355887]: context ppl 405.9005 | text ppl 30.6885 | rating loss 0.7141 | valid loss 4.1380 on validation
[2020-12-29 15:09:48.838025]: epoch 11
[2020-12-29 15:10:22.397975]: context ppl 391.3184 | text ppl 28.0768 | rating loss 0.6966 |   200/ 2001 batches
[2020-12-29 15:10:55.801767]: context ppl 393.8588 | text ppl 28.0176 | rating loss 0.6965 |   400/ 2001 batches
[2020-12-29 15:11:29.338730]: context ppl 396.1786 | text ppl 28.2699 | rating loss 0.6976 |   600/ 2001 batches
[2020-12-29 15:12:02.719235]: context ppl 392.5383 | text ppl 28.0778 | rating loss 0.6983 |   800/ 2001 batches
[2020-12-29 15:12:36.128238]: context ppl 392.6152 | text ppl 28.0924 | rating loss 0.6956 |  1000/ 2001 batches
[2020-12-29 15:13:09.514227]: context ppl 395.1276 | text ppl 28.7133 | rating loss 0.6972 |  1200/ 2001 batches
[2020-12-29 15:13:42.918138]: context ppl 396.4973 | text ppl 28.7740 | rating loss 0.7073 |  1400/ 2001 batches
[2020-12-29 15:14:16.268690]: context ppl 395.4853 | text ppl 28.6729 | rating loss 0.6924 |  1600/ 2001 batches
[2020-12-29 15:14:49.665848]: context ppl 393.8123 | text ppl 28.6890 | rating loss 0.6854 |  1800/ 2001 batches
[2020-12-29 15:15:23.056561]: context ppl 392.2224 | text ppl 28.7331 | rating loss 0.7066 |  2000/ 2001 batches
[2020-12-29 15:15:23.107937]: context ppl 428.4340 | text ppl 31.4807 | rating loss 1.0469 |  2001/ 2001 batches
[2020-12-29 15:15:37.816058]: context ppl 404.0556 | text ppl 30.3791 | rating loss 0.6957 | valid loss 4.1094 on validation
[2020-12-29 15:15:38.307892]: epoch 12
[2020-12-29 15:16:11.932981]: context ppl 388.3888 | text ppl 27.7052 | rating loss 0.6816 |   200/ 2001 batches
[2020-12-29 15:16:45.337690]: context ppl 388.0548 | text ppl 27.6119 | rating loss 0.7019 |   400/ 2001 batches
[2020-12-29 15:17:18.745134]: context ppl 392.5765 | text ppl 28.0699 | rating loss 0.6765 |   600/ 2001 batches
[2020-12-29 15:17:52.228907]: context ppl 392.6549 | text ppl 27.9187 | rating loss 0.6853 |   800/ 2001 batches
[2020-12-29 15:18:25.650746]: context ppl 394.8187 | text ppl 28.1857 | rating loss 0.6860 |  1000/ 2001 batches
[2020-12-29 15:18:59.035221]: context ppl 391.8708 | text ppl 28.1158 | rating loss 0.6816 |  1200/ 2001 batches
[2020-12-29 15:19:32.440344]: context ppl 389.0588 | text ppl 27.8396 | rating loss 0.6864 |  1400/ 2001 batches
[2020-12-29 15:20:05.923588]: context ppl 391.0499 | text ppl 28.0654 | rating loss 0.6830 |  1600/ 2001 batches
[2020-12-29 15:20:39.346666]: context ppl 389.9683 | text ppl 27.9623 | rating loss 0.6827 |  1800/ 2001 batches
[2020-12-29 15:21:12.750805]: context ppl 388.6882 | text ppl 27.8611 | rating loss 0.6889 |  2000/ 2001 batches
[2020-12-29 15:21:12.803751]: context ppl 351.9779 | text ppl 27.0964 | rating loss 0.4024 |  2001/ 2001 batches
[2020-12-29 15:21:27.535476]: context ppl 403.5844 | text ppl 30.2796 | rating loss 0.6893 | valid loss 4.0998 on validation
[2020-12-29 15:21:28.023146]: epoch 13
[2020-12-29 15:22:01.581291]: context ppl 388.5738 | text ppl 27.2978 | rating loss 0.6789 |   200/ 2001 batches
[2020-12-29 15:22:34.991313]: context ppl 387.3837 | text ppl 27.3511 | rating loss 0.6704 |   400/ 2001 batches
[2020-12-29 15:23:08.380313]: context ppl 385.6255 | text ppl 27.3700 | rating loss 0.6751 |   600/ 2001 batches
[2020-12-29 15:23:41.754534]: context ppl 384.1139 | text ppl 27.2179 | rating loss 0.6696 |   800/ 2001 batches
[2020-12-29 15:24:15.165628]: context ppl 389.0506 | text ppl 27.6439 | rating loss 0.6731 |  1000/ 2001 batches
[2020-12-29 15:24:48.589661]: context ppl 389.6326 | text ppl 27.7145 | rating loss 0.6746 |  1200/ 2001 batches
[2020-12-29 15:25:21.969956]: context ppl 387.3140 | text ppl 27.4842 | rating loss 0.6810 |  1400/ 2001 batches
[2020-12-29 15:25:55.346244]: context ppl 386.2429 | text ppl 27.7377 | rating loss 0.6729 |  1600/ 2001 batches
[2020-12-29 15:26:28.746127]: context ppl 386.6445 | text ppl 27.5368 | rating loss 0.6721 |  1800/ 2001 batches
[2020-12-29 15:27:02.156879]: context ppl 390.2034 | text ppl 27.7112 | rating loss 0.6886 |  2000/ 2001 batches
[2020-12-29 15:27:02.208139]: context ppl 550.1543 | text ppl 41.6662 | rating loss 0.7010 |  2001/ 2001 batches
[2020-12-29 15:27:16.929292]: context ppl 400.8781 | text ppl 29.9799 | rating loss 0.6791 | valid loss 4.0796 on validation
[2020-12-29 15:27:17.413227]: epoch 14
[2020-12-29 15:27:50.977205]: context ppl 385.0595 | text ppl 26.6982 | rating loss 0.6625 |   200/ 2001 batches
[2020-12-29 15:28:24.424967]: context ppl 383.8175 | text ppl 26.8170 | rating loss 0.6637 |   400/ 2001 batches
[2020-12-29 15:28:57.823117]: context ppl 382.0645 | text ppl 26.7508 | rating loss 0.6684 |   600/ 2001 batches
[2020-12-29 15:29:31.233022]: context ppl 383.6077 | text ppl 26.9752 | rating loss 0.6617 |   800/ 2001 batches
[2020-12-29 15:30:04.700865]: context ppl 386.0854 | text ppl 27.4153 | rating loss 0.6593 |  1000/ 2001 batches
[2020-12-29 15:30:38.100603]: context ppl 384.8426 | text ppl 27.3361 | rating loss 0.6638 |  1200/ 2001 batches
[2020-12-29 15:31:11.519892]: context ppl 386.7246 | text ppl 27.1965 | rating loss 0.6755 |  1400/ 2001 batches
[2020-12-29 15:31:44.899483]: context ppl 382.3747 | text ppl 27.2252 | rating loss 0.6625 |  1600/ 2001 batches
[2020-12-29 15:32:18.282475]: context ppl 381.9176 | text ppl 27.1005 | rating loss 0.6767 |  1800/ 2001 batches
[2020-12-29 15:32:51.705197]: context ppl 385.7459 | text ppl 27.2856 | rating loss 0.6645 |  2000/ 2001 batches
[2020-12-29 15:32:51.757076]: context ppl 327.1718 | text ppl 15.9331 | rating loss 0.4451 |  2001/ 2001 batches
[2020-12-29 15:33:06.482497]: context ppl 400.7711 | text ppl 29.8274 | rating loss 0.6711 | valid loss 4.0665 on validation
[2020-12-29 15:33:06.970501]: epoch 15
[2020-12-29 15:33:40.616983]: context ppl 378.1700 | text ppl 26.3539 | rating loss 0.6596 |   200/ 2001 batches
[2020-12-29 15:34:14.030987]: context ppl 379.2168 | text ppl 26.4356 | rating loss 0.6605 |   400/ 2001 batches
[2020-12-29 15:34:47.464205]: context ppl 378.0330 | text ppl 26.3952 | rating loss 0.6514 |   600/ 2001 batches
[2020-12-29 15:35:20.873363]: context ppl 384.0206 | text ppl 26.9108 | rating loss 0.6682 |   800/ 2001 batches
[2020-12-29 15:35:54.308627]: context ppl 380.3107 | text ppl 26.7318 | rating loss 0.6510 |  1000/ 2001 batches
[2020-12-29 15:36:27.694929]: context ppl 381.2632 | text ppl 26.6841 | rating loss 0.6634 |  1200/ 2001 batches
[2020-12-29 15:37:01.110701]: context ppl 382.3413 | text ppl 26.7430 | rating loss 0.6482 |  1400/ 2001 batches
[2020-12-29 15:37:34.594792]: context ppl 382.0559 | text ppl 26.7882 | rating loss 0.6554 |  1600/ 2001 batches
[2020-12-29 15:38:08.003161]: context ppl 383.1018 | text ppl 26.9956 | rating loss 0.6639 |  1800/ 2001 batches
[2020-12-29 15:38:41.416836]: context ppl 382.4324 | text ppl 26.8920 | rating loss 0.6550 |  2000/ 2001 batches
[2020-12-29 15:38:41.469296]: context ppl 434.6541 | text ppl 24.7669 | rating loss 0.6972 |  2001/ 2001 batches
[2020-12-29 15:38:56.186726]: context ppl 398.6172 | text ppl 29.6847 | rating loss 0.6699 | valid loss 4.0605 on validation
[2020-12-29 15:38:56.677363]: epoch 16
[2020-12-29 15:39:30.315949]: context ppl 377.1648 | text ppl 25.9423 | rating loss 0.6483 |   200/ 2001 batches
[2020-12-29 15:40:03.687618]: context ppl 375.8706 | text ppl 26.1360 | rating loss 0.6408 |   400/ 2001 batches
[2020-12-29 15:40:37.102403]: context ppl 377.2498 | text ppl 25.9976 | rating loss 0.6457 |   600/ 2001 batches
[2020-12-29 15:41:10.611915]: context ppl 378.6666 | text ppl 26.3858 | rating loss 0.6587 |   800/ 2001 batches
[2020-12-29 15:41:44.029558]: context ppl 378.4761 | text ppl 26.4350 | rating loss 0.6568 |  1000/ 2001 batches
[2020-12-29 15:42:17.409101]: context ppl 380.2678 | text ppl 26.3319 | rating loss 0.6468 |  1200/ 2001 batches
[2020-12-29 15:42:50.823467]: context ppl 380.4687 | text ppl 26.4587 | rating loss 0.6563 |  1400/ 2001 batches
[2020-12-29 15:43:24.277778]: context ppl 378.8429 | text ppl 26.4882 | rating loss 0.6521 |  1600/ 2001 batches
[2020-12-29 15:43:57.717031]: context ppl 379.0910 | text ppl 26.5109 | rating loss 0.6468 |  1800/ 2001 batches
[2020-12-29 15:44:31.094139]: context ppl 376.0780 | text ppl 26.4348 | rating loss 0.6582 |  2000/ 2001 batches
[2020-12-29 15:44:31.146631]: context ppl 389.6705 | text ppl 27.0622 | rating loss 0.4614 |  2001/ 2001 batches
[2020-12-29 15:44:45.851575]: context ppl 398.5344 | text ppl 29.5003 | rating loss 0.6611 | valid loss 4.0455 on validation
[2020-12-29 15:44:46.340308]: epoch 17
[2020-12-29 15:45:19.926600]: context ppl 373.1173 | text ppl 25.4872 | rating loss 0.6369 |   200/ 2001 batches
[2020-12-29 15:45:53.471984]: context ppl 375.0212 | text ppl 25.7370 | rating loss 0.6401 |   400/ 2001 batches
[2020-12-29 15:46:26.918892]: context ppl 377.5896 | text ppl 26.1060 | rating loss 0.6397 |   600/ 2001 batches
[2020-12-29 15:47:00.362131]: context ppl 374.1700 | text ppl 26.0336 | rating loss 0.6534 |   800/ 2001 batches
[2020-12-29 15:47:33.773023]: context ppl 375.0493 | text ppl 25.8225 | rating loss 0.6473 |  1000/ 2001 batches
[2020-12-29 15:48:07.186511]: context ppl 376.3329 | text ppl 25.8925 | rating loss 0.6347 |  1200/ 2001 batches
[2020-12-29 15:48:40.577492]: context ppl 375.1638 | text ppl 26.0818 | rating loss 0.6323 |  1400/ 2001 batches
[2020-12-29 15:49:14.049287]: context ppl 374.7364 | text ppl 25.9991 | rating loss 0.6524 |  1600/ 2001 batches
[2020-12-29 15:49:47.465263]: context ppl 373.4737 | text ppl 26.2010 | rating loss 0.6465 |  1800/ 2001 batches
[2020-12-29 15:50:20.917783]: context ppl 374.4242 | text ppl 26.0134 | rating loss 0.6530 |  2000/ 2001 batches
[2020-12-29 15:50:20.969729]: context ppl 384.1332 | text ppl 29.4552 | rating loss 0.7299 |  2001/ 2001 batches
[2020-12-29 15:50:35.689450]: context ppl 397.5310 | text ppl 29.4567 | rating loss 0.6660 | valid loss 4.0489 on validation
[2020-12-29 15:50:35.689734]: Endured 2 time(s)
[2020-12-29 15:50:35.689864]: Learning rate set to 0.06250000
[2020-12-29 15:50:35.689887]: epoch 18
[2020-12-29 15:51:09.290038]: context ppl 369.4378 | text ppl 24.9212 | rating loss 0.6364 |   200/ 2001 batches
[2020-12-29 15:51:42.702652]: context ppl 369.4943 | text ppl 25.0265 | rating loss 0.6385 |   400/ 2001 batches
[2020-12-29 15:52:16.188934]: context ppl 368.8940 | text ppl 24.7805 | rating loss 0.6282 |   600/ 2001 batches
[2020-12-29 15:52:49.606557]: context ppl 367.5120 | text ppl 24.7998 | rating loss 0.6293 |   800/ 2001 batches
[2020-12-29 15:53:23.014471]: context ppl 369.5905 | text ppl 24.9932 | rating loss 0.6357 |  1000/ 2001 batches
[2020-12-29 15:53:56.498760]: context ppl 369.1480 | text ppl 24.8115 | rating loss 0.6303 |  1200/ 2001 batches
[2020-12-29 15:54:29.919315]: context ppl 369.6328 | text ppl 25.1811 | rating loss 0.6312 |  1400/ 2001 batches
[2020-12-29 15:55:03.319000]: context ppl 368.7854 | text ppl 24.9573 | rating loss 0.6265 |  1600/ 2001 batches
[2020-12-29 15:55:36.725471]: context ppl 372.8862 | text ppl 24.9863 | rating loss 0.6359 |  1800/ 2001 batches
[2020-12-29 15:56:10.116968]: context ppl 367.8966 | text ppl 24.5544 | rating loss 0.6361 |  2000/ 2001 batches
[2020-12-29 15:56:10.168851]: context ppl 272.4094 | text ppl 16.4086 | rating loss 0.3836 |  2001/ 2001 batches
[2020-12-29 15:56:24.889077]: context ppl 397.0855 | text ppl 29.0983 | rating loss 0.6561 | valid loss 4.0268 on validation
[2020-12-29 15:56:25.375759]: epoch 19
[2020-12-29 15:56:58.944917]: context ppl 362.8674 | text ppl 24.3395 | rating loss 0.6260 |   200/ 2001 batches
[2020-12-29 15:57:32.334563]: context ppl 368.7095 | text ppl 24.5361 | rating loss 0.6271 |   400/ 2001 batches
[2020-12-29 15:58:05.718750]: context ppl 368.5792 | text ppl 24.8156 | rating loss 0.6328 |   600/ 2001 batches
[2020-12-29 15:58:39.127404]: context ppl 365.8861 | text ppl 24.5045 | rating loss 0.6345 |   800/ 2001 batches
[2020-12-29 15:59:12.494028]: context ppl 368.2172 | text ppl 24.8190 | rating loss 0.6398 |  1000/ 2001 batches
[2020-12-29 15:59:45.916496]: context ppl 370.1540 | text ppl 24.8873 | rating loss 0.6305 |  1200/ 2001 batches
[2020-12-29 16:00:19.331527]: context ppl 369.9083 | text ppl 24.6456 | rating loss 0.6270 |  1400/ 2001 batches
[2020-12-29 16:00:52.803432]: context ppl 369.6432 | text ppl 24.5408 | rating loss 0.6161 |  1600/ 2001 batches
[2020-12-29 16:01:26.227539]: context ppl 368.8075 | text ppl 24.7960 | rating loss 0.6347 |  1800/ 2001 batches
[2020-12-29 16:01:59.631338]: context ppl 369.4429 | text ppl 24.7745 | rating loss 0.6344 |  2000/ 2001 batches
[2020-12-29 16:01:59.683365]: context ppl 326.4907 | text ppl 18.5257 | rating loss 0.4708 |  2001/ 2001 batches
[2020-12-29 16:02:14.396058]: context ppl 396.9754 | text ppl 28.9855 | rating loss 0.6554 | valid loss 4.0222 on validation
[2020-12-29 16:02:14.889395]: epoch 20
[2020-12-29 16:02:48.425282]: context ppl 367.2844 | text ppl 24.6656 | rating loss 0.6427 |   200/ 2001 batches
[2020-12-29 16:03:21.917493]: context ppl 366.5953 | text ppl 24.4223 | rating loss 0.6293 |   400/ 2001 batches
[2020-12-29 16:03:55.330335]: context ppl 370.1029 | text ppl 24.6245 | rating loss 0.6291 |   600/ 2001 batches
[2020-12-29 16:04:28.710215]: context ppl 369.0520 | text ppl 24.4093 | rating loss 0.6276 |   800/ 2001 batches
[2020-12-29 16:05:02.086530]: context ppl 366.6408 | text ppl 24.4348 | rating loss 0.6276 |  1000/ 2001 batches
[2020-12-29 16:05:35.468911]: context ppl 362.8827 | text ppl 24.3589 | rating loss 0.6360 |  1200/ 2001 batches
[2020-12-29 16:06:08.856439]: context ppl 367.2554 | text ppl 24.2966 | rating loss 0.6273 |  1400/ 2001 batches
[2020-12-29 16:06:42.342821]: context ppl 365.0981 | text ppl 24.4434 | rating loss 0.6214 |  1600/ 2001 batches
[2020-12-29 16:07:15.737109]: context ppl 367.1630 | text ppl 24.8237 | rating loss 0.6185 |  1800/ 2001 batches
[2020-12-29 16:07:49.125023]: context ppl 367.7714 | text ppl 24.6178 | rating loss 0.6291 |  2000/ 2001 batches
[2020-12-29 16:07:49.177909]: context ppl 551.9653 | text ppl 34.7196 | rating loss 0.6697 |  2001/ 2001 batches
[2020-12-29 16:08:03.896761]: context ppl 396.5013 | text ppl 28.9832 | rating loss 0.6562 | valid loss 4.0229 on validation
[2020-12-29 16:08:03.897049]: Endured 3 time(s)
[2020-12-29 16:08:03.897154]: Learning rate set to 0.01562500
[2020-12-29 16:08:03.897178]: epoch 21
[2020-12-29 16:08:37.431921]: context ppl 364.3165 | text ppl 24.1620 | rating loss 0.6239 |   200/ 2001 batches
[2020-12-29 16:09:10.819148]: context ppl 363.6469 | text ppl 24.1837 | rating loss 0.6299 |   400/ 2001 batches
[2020-12-29 16:09:44.206475]: context ppl 364.7046 | text ppl 24.2274 | rating loss 0.6325 |   600/ 2001 batches
[2020-12-29 16:10:17.590672]: context ppl 364.7070 | text ppl 24.1038 | rating loss 0.6287 |   800/ 2001 batches
[2020-12-29 16:10:50.963778]: context ppl 365.0743 | text ppl 24.1083 | rating loss 0.6217 |  1000/ 2001 batches
[2020-12-29 16:11:24.363684]: context ppl 369.8704 | text ppl 24.4765 | rating loss 0.6197 |  1200/ 2001 batches
[2020-12-29 16:11:57.852602]: context ppl 365.2216 | text ppl 24.3524 | rating loss 0.6258 |  1400/ 2001 batches
[2020-12-29 16:12:31.200041]: context ppl 364.6373 | text ppl 24.2355 | rating loss 0.6323 |  1600/ 2001 batches
[2020-12-29 16:13:04.509723]: context ppl 368.9225 | text ppl 24.3264 | rating loss 0.6264 |  1800/ 2001 batches
[2020-12-29 16:13:37.721232]: context ppl 363.6757 | text ppl 24.1816 | rating loss 0.6249 |  2000/ 2001 batches
[2020-12-29 16:13:37.772888]: context ppl 488.0002 | text ppl 34.9845 | rating loss 0.2758 |  2001/ 2001 batches
[2020-12-29 16:13:52.396320]: context ppl 397.2904 | text ppl 28.8766 | rating loss 0.6537 | valid loss 4.0167 on validation
[2020-12-29 16:13:52.890589]: epoch 22
[2020-12-29 16:14:26.391610]: context ppl 366.8531 | text ppl 24.3007 | rating loss 0.6226 |   200/ 2001 batches
[2020-12-29 16:14:59.658189]: context ppl 364.2080 | text ppl 24.0960 | rating loss 0.6302 |   400/ 2001 batches
[2020-12-29 16:15:32.959195]: context ppl 363.0056 | text ppl 24.0420 | rating loss 0.6265 |   600/ 2001 batches
[2020-12-29 16:16:06.254735]: context ppl 364.4380 | text ppl 24.1801 | rating loss 0.6228 |   800/ 2001 batches
[2020-12-29 16:16:39.396369]: context ppl 362.2769 | text ppl 23.9535 | rating loss 0.6218 |  1000/ 2001 batches
[2020-12-29 16:17:12.789403]: context ppl 366.6199 | text ppl 24.3228 | rating loss 0.6371 |  1200/ 2001 batches
[2020-12-29 16:17:46.234633]: context ppl 364.2983 | text ppl 24.1422 | rating loss 0.6232 |  1400/ 2001 batches
[2020-12-29 16:18:19.642101]: context ppl 365.6812 | text ppl 24.1620 | rating loss 0.6270 |  1600/ 2001 batches
[2020-12-29 16:18:53.059353]: context ppl 365.7315 | text ppl 24.2048 | rating loss 0.6242 |  1800/ 2001 batches
[2020-12-29 16:19:26.472120]: context ppl 367.5551 | text ppl 24.3060 | rating loss 0.6217 |  2000/ 2001 batches
[2020-12-29 16:19:26.523571]: context ppl 349.7834 | text ppl 27.2520 | rating loss 0.6643 |  2001/ 2001 batches
[2020-12-29 16:19:41.244975]: context ppl 397.0594 | text ppl 28.8720 | rating loss 0.6535 | valid loss 4.0163 on validation
[2020-12-29 16:19:41.735492]: epoch 23
[2020-12-29 16:20:15.386856]: context ppl 362.9749 | text ppl 23.9719 | rating loss 0.6214 |   200/ 2001 batches
[2020-12-29 16:20:48.778493]: context ppl 365.0780 | text ppl 24.0659 | rating loss 0.6325 |   400/ 2001 batches
[2020-12-29 16:21:22.192123]: context ppl 365.9062 | text ppl 24.2413 | rating loss 0.6255 |   600/ 2001 batches
[2020-12-29 16:21:55.585054]: context ppl 364.9881 | text ppl 24.2747 | rating loss 0.6337 |   800/ 2001 batches
[2020-12-29 16:22:28.995019]: context ppl 365.2238 | text ppl 24.2107 | rating loss 0.6306 |  1000/ 2001 batches
[2020-12-29 16:23:02.384348]: context ppl 365.9288 | text ppl 24.2796 | rating loss 0.6107 |  1200/ 2001 batches
[2020-12-29 16:23:35.773804]: context ppl 365.7084 | text ppl 24.1468 | rating loss 0.6153 |  1400/ 2001 batches
[2020-12-29 16:24:09.164362]: context ppl 363.7714 | text ppl 24.1107 | rating loss 0.6298 |  1600/ 2001 batches
[2020-12-29 16:24:42.613792]: context ppl 363.9383 | text ppl 23.9658 | rating loss 0.6333 |  1800/ 2001 batches
[2020-12-29 16:25:15.996181]: context ppl 365.4038 | text ppl 24.1367 | rating loss 0.6241 |  2000/ 2001 batches
[2020-12-29 16:25:16.048610]: context ppl 416.5894 | text ppl 21.0241 | rating loss 1.1992 |  2001/ 2001 batches
[2020-12-29 16:25:30.764510]: context ppl 396.9539 | text ppl 28.8651 | rating loss 0.6537 | valid loss 4.0163 on validation
[2020-12-29 16:25:31.254446]: epoch 24
[2020-12-29 16:26:04.815467]: context ppl 364.0608 | text ppl 23.9112 | rating loss 0.6211 |   200/ 2001 batches
[2020-12-29 16:26:38.210118]: context ppl 366.4692 | text ppl 24.4272 | rating loss 0.6269 |   400/ 2001 batches
[2020-12-29 16:27:11.694786]: context ppl 365.3642 | text ppl 24.1962 | rating loss 0.6284 |   600/ 2001 batches
[2020-12-29 16:27:45.075967]: context ppl 364.6686 | text ppl 24.0421 | rating loss 0.6115 |   800/ 2001 batches
[2020-12-29 16:28:18.448694]: context ppl 365.9780 | text ppl 24.2596 | rating loss 0.6271 |  1000/ 2001 batches
[2020-12-29 16:28:51.847256]: context ppl 362.5610 | text ppl 23.9992 | rating loss 0.6131 |  1200/ 2001 batches
[2020-12-29 16:29:25.224136]: context ppl 365.6140 | text ppl 23.9560 | rating loss 0.6326 |  1400/ 2001 batches
[2020-12-29 16:29:58.611496]: context ppl 363.6850 | text ppl 24.0555 | rating loss 0.6398 |  1600/ 2001 batches
[2020-12-29 16:30:32.026651]: context ppl 361.9504 | text ppl 23.9398 | rating loss 0.6188 |  1800/ 2001 batches
[2020-12-29 16:31:05.486413]: context ppl 366.1376 | text ppl 24.2536 | rating loss 0.6270 |  2000/ 2001 batches
[2020-12-29 16:31:05.540227]: context ppl 354.5587 | text ppl 23.7903 | rating loss 1.1658 |  2001/ 2001 batches
[2020-12-29 16:31:20.264106]: context ppl 396.9608 | text ppl 28.8609 | rating loss 0.6533 | valid loss 4.0158 on validation
[2020-12-29 16:31:20.749360]: epoch 25
[2020-12-29 16:31:54.315290]: context ppl 366.4073 | text ppl 23.9960 | rating loss 0.6278 |   200/ 2001 batches
[2020-12-29 16:32:27.709498]: context ppl 364.8134 | text ppl 24.2877 | rating loss 0.6189 |   400/ 2001 batches
[2020-12-29 16:33:01.128664]: context ppl 361.3227 | text ppl 23.7940 | rating loss 0.6274 |   600/ 2001 batches
[2020-12-29 16:33:34.518082]: context ppl 366.4981 | text ppl 24.0891 | rating loss 0.6181 |   800/ 2001 batches
[2020-12-29 16:34:08.023709]: context ppl 365.1118 | text ppl 24.1544 | rating loss 0.6252 |  1000/ 2001 batches
[2020-12-29 16:34:41.440861]: context ppl 366.4968 | text ppl 24.1316 | rating loss 0.6281 |  1200/ 2001 batches
[2020-12-29 16:35:14.881347]: context ppl 361.7021 | text ppl 24.0114 | rating loss 0.6267 |  1400/ 2001 batches
[2020-12-29 16:35:48.330647]: context ppl 366.0868 | text ppl 24.1586 | rating loss 0.6285 |  1600/ 2001 batches
[2020-12-29 16:36:21.751902]: context ppl 363.0114 | text ppl 24.0317 | rating loss 0.6193 |  1800/ 2001 batches
[2020-12-29 16:36:55.182847]: context ppl 363.8395 | text ppl 24.1306 | rating loss 0.6231 |  2000/ 2001 batches
[2020-12-29 16:36:55.234036]: context ppl 364.0200 | text ppl 19.9323 | rating loss 0.5715 |  2001/ 2001 batches
[2020-12-29 16:37:09.943208]: context ppl 397.0960 | text ppl 28.8435 | rating loss 0.6532 | valid loss 4.0150 on validation
[2020-12-29 16:37:10.436181]: epoch 26
[2020-12-29 16:37:44.006634]: context ppl 363.6769 | text ppl 23.9976 | rating loss 0.6319 |   200/ 2001 batches
[2020-12-29 16:38:17.399469]: context ppl 363.1138 | text ppl 23.9455 | rating loss 0.6211 |   400/ 2001 batches
[2020-12-29 16:38:50.786991]: context ppl 365.2109 | text ppl 24.0697 | rating loss 0.6223 |   600/ 2001 batches
[2020-12-29 16:39:24.229655]: context ppl 363.8131 | text ppl 24.0374 | rating loss 0.6209 |   800/ 2001 batches
[2020-12-29 16:39:57.609567]: context ppl 367.4479 | text ppl 24.4599 | rating loss 0.6294 |  1000/ 2001 batches
[2020-12-29 16:40:30.994926]: context ppl 366.7841 | text ppl 23.9330 | rating loss 0.6227 |  1200/ 2001 batches
[2020-12-29 16:41:04.370419]: context ppl 361.9227 | text ppl 23.8858 | rating loss 0.6282 |  1400/ 2001 batches
[2020-12-29 16:41:37.762176]: context ppl 360.1901 | text ppl 23.8200 | rating loss 0.6253 |  1600/ 2001 batches
[2020-12-29 16:42:11.207897]: context ppl 364.0305 | text ppl 24.2422 | rating loss 0.6191 |  1800/ 2001 batches
[2020-12-29 16:42:44.683313]: context ppl 363.9433 | text ppl 24.0736 | rating loss 0.6249 |  2000/ 2001 batches
[2020-12-29 16:42:44.736103]: context ppl 446.8602 | text ppl 31.2914 | rating loss 0.6936 |  2001/ 2001 batches
[2020-12-29 16:42:59.474347]: context ppl 396.8409 | text ppl 28.8311 | rating loss 0.6531 | valid loss 4.0146 on validation
[2020-12-29 16:42:59.972616]: epoch 27
[2020-12-29 16:43:33.569490]: context ppl 360.8230 | text ppl 24.0156 | rating loss 0.6173 |   200/ 2001 batches
[2020-12-29 16:44:07.020013]: context ppl 368.6535 | text ppl 24.1510 | rating loss 0.6368 |   400/ 2001 batches
[2020-12-29 16:44:40.392954]: context ppl 365.2711 | text ppl 24.1395 | rating loss 0.6261 |   600/ 2001 batches
[2020-12-29 16:45:13.812437]: context ppl 362.0768 | text ppl 23.8828 | rating loss 0.6287 |   800/ 2001 batches
[2020-12-29 16:45:47.308198]: context ppl 363.6616 | text ppl 23.8009 | rating loss 0.6202 |  1000/ 2001 batches
[2020-12-29 16:46:20.716190]: context ppl 365.2441 | text ppl 24.0992 | rating loss 0.6169 |  1200/ 2001 batches
[2020-12-29 16:46:54.090170]: context ppl 363.3951 | text ppl 23.9554 | rating loss 0.6132 |  1400/ 2001 batches
[2020-12-29 16:47:27.481688]: context ppl 364.8087 | text ppl 24.1371 | rating loss 0.6191 |  1600/ 2001 batches
[2020-12-29 16:48:00.881537]: context ppl 362.6891 | text ppl 23.8843 | rating loss 0.6299 |  1800/ 2001 batches
[2020-12-29 16:48:34.271779]: context ppl 362.9033 | text ppl 24.0114 | rating loss 0.6243 |  2000/ 2001 batches
[2020-12-29 16:48:34.323822]: context ppl 333.8132 | text ppl 23.1327 | rating loss 0.5770 |  2001/ 2001 batches
[2020-12-29 16:48:49.084789]: context ppl 397.1251 | text ppl 28.8279 | rating loss 0.6533 | valid loss 4.0146 on validation
[2020-12-29 16:48:49.085186]: Endured 4 time(s)
[2020-12-29 16:48:49.085317]: Learning rate set to 0.00390625
[2020-12-29 16:48:49.085343]: epoch 28
[2020-12-29 16:49:22.719541]: context ppl 365.5498 | text ppl 24.1435 | rating loss 0.6273 |   200/ 2001 batches
[2020-12-29 16:49:56.247957]: context ppl 362.2233 | text ppl 24.0897 | rating loss 0.6154 |   400/ 2001 batches
[2020-12-29 16:50:29.792788]: context ppl 363.5348 | text ppl 23.8579 | rating loss 0.6386 |   600/ 2001 batches
[2020-12-29 16:51:03.283142]: context ppl 364.8663 | text ppl 23.9515 | rating loss 0.6197 |   800/ 2001 batches
[2020-12-29 16:51:36.722450]: context ppl 364.3708 | text ppl 23.9539 | rating loss 0.6191 |  1000/ 2001 batches
[2020-12-29 16:52:10.243899]: context ppl 364.1753 | text ppl 23.8783 | rating loss 0.6338 |  1200/ 2001 batches
[2020-12-29 16:52:43.783481]: context ppl 364.2830 | text ppl 24.0774 | rating loss 0.6390 |  1400/ 2001 batches
[2020-12-29 16:53:17.218594]: context ppl 361.9454 | text ppl 23.7757 | rating loss 0.6165 |  1600/ 2001 batches
[2020-12-29 16:53:50.762710]: context ppl 361.3885 | text ppl 23.8666 | rating loss 0.6184 |  1800/ 2001 batches
[2020-12-29 16:54:24.172112]: context ppl 362.9479 | text ppl 23.8502 | rating loss 0.6129 |  2000/ 2001 batches
[2020-12-29 16:54:24.224901]: context ppl 238.1430 | text ppl 16.1592 | rating loss 0.4048 |  2001/ 2001 batches
[2020-12-29 16:54:38.954622]: context ppl 396.8540 | text ppl 28.8225 | rating loss 0.6528 | valid loss 4.0140 on validation
[2020-12-29 16:54:39.444236]: epoch 29
[2020-12-29 16:55:13.064297]: context ppl 361.7048 | text ppl 23.7759 | rating loss 0.6131 |   200/ 2001 batches
[2020-12-29 16:55:46.473363]: context ppl 362.8127 | text ppl 23.9256 | rating loss 0.6226 |   400/ 2001 batches
[2020-12-29 16:56:19.883518]: context ppl 363.4874 | text ppl 23.8468 | rating loss 0.6125 |   600/ 2001 batches
[2020-12-29 16:56:53.281281]: context ppl 365.8957 | text ppl 24.1291 | rating loss 0.6272 |   800/ 2001 batches
[2020-12-29 16:57:26.719153]: context ppl 362.0361 | text ppl 23.8425 | rating loss 0.6248 |  1000/ 2001 batches
[2020-12-29 16:58:00.157655]: context ppl 365.1118 | text ppl 23.9222 | rating loss 0.6289 |  1200/ 2001 batches
[2020-12-29 16:58:33.574506]: context ppl 364.2348 | text ppl 24.1600 | rating loss 0.6351 |  1400/ 2001 batches
[2020-12-29 16:59:07.022181]: context ppl 365.0403 | text ppl 23.9295 | rating loss 0.6152 |  1600/ 2001 batches
[2020-12-29 16:59:40.475113]: context ppl 363.3483 | text ppl 23.8847 | rating loss 0.6155 |  1800/ 2001 batches
[2020-12-29 17:00:13.849449]: context ppl 361.2936 | text ppl 23.8276 | rating loss 0.6173 |  2000/ 2001 batches
[2020-12-29 17:00:13.901298]: context ppl 340.2571 | text ppl 24.4146 | rating loss 0.4475 |  2001/ 2001 batches
[2020-12-29 17:00:28.607180]: context ppl 396.8974 | text ppl 28.8148 | rating loss 0.6528 | valid loss 4.0137 on validation
[2020-12-29 17:00:29.102280]: epoch 30
[2020-12-29 17:01:02.722507]: context ppl 364.5551 | text ppl 23.9403 | rating loss 0.6176 |   200/ 2001 batches
[2020-12-29 17:01:36.175055]: context ppl 365.7745 | text ppl 23.9744 | rating loss 0.6218 |   400/ 2001 batches
[2020-12-29 17:02:09.594772]: context ppl 362.9985 | text ppl 23.9471 | rating loss 0.6319 |   600/ 2001 batches
[2020-12-29 17:02:43.009768]: context ppl 360.2044 | text ppl 23.8445 | rating loss 0.6200 |   800/ 2001 batches
[2020-12-29 17:03:16.438195]: context ppl 362.8785 | text ppl 23.7593 | rating loss 0.6325 |  1000/ 2001 batches
[2020-12-29 17:03:49.869254]: context ppl 362.1201 | text ppl 23.7078 | rating loss 0.6141 |  1200/ 2001 batches
[2020-12-29 17:04:23.291331]: context ppl 365.0688 | text ppl 24.2010 | rating loss 0.6296 |  1400/ 2001 batches
[2020-12-29 17:04:56.752082]: context ppl 363.7458 | text ppl 23.9956 | rating loss 0.6286 |  1600/ 2001 batches
[2020-12-29 17:05:30.194682]: context ppl 363.4717 | text ppl 24.0008 | rating loss 0.6160 |  1800/ 2001 batches
[2020-12-29 17:06:03.580307]: context ppl 362.3646 | text ppl 23.9366 | rating loss 0.6247 |  2000/ 2001 batches
[2020-12-29 17:06:03.632771]: context ppl 255.9290 | text ppl 16.1133 | rating loss 0.3896 |  2001/ 2001 batches
[2020-12-29 17:06:18.364860]: context ppl 397.0088 | text ppl 28.8078 | rating loss 0.6528 | valid loss 4.0134 on validation
[2020-12-29 17:06:18.869930]: epoch 31
[2020-12-29 17:06:52.526033]: context ppl 362.1295 | text ppl 23.8443 | rating loss 0.6399 |   200/ 2001 batches
[2020-12-29 17:07:25.942880]: context ppl 363.6349 | text ppl 23.7557 | rating loss 0.6197 |   400/ 2001 batches
[2020-12-29 17:07:59.329118]: context ppl 362.0580 | text ppl 23.9182 | rating loss 0.6267 |   600/ 2001 batches
[2020-12-29 17:08:32.840594]: context ppl 363.6611 | text ppl 24.0724 | rating loss 0.6321 |   800/ 2001 batches
[2020-12-29 17:09:06.257958]: context ppl 364.1733 | text ppl 23.9715 | rating loss 0.6219 |  1000/ 2001 batches
[2020-12-29 17:09:39.670762]: context ppl 363.5980 | text ppl 24.0046 | rating loss 0.6158 |  1200/ 2001 batches
[2020-12-29 17:10:13.148151]: context ppl 365.0014 | text ppl 24.1256 | rating loss 0.6185 |  1400/ 2001 batches
[2020-12-29 17:10:46.567945]: context ppl 363.1497 | text ppl 23.9932 | rating loss 0.6186 |  1600/ 2001 batches
[2020-12-29 17:11:20.023775]: context ppl 363.0432 | text ppl 23.6874 | rating loss 0.6189 |  1800/ 2001 batches
[2020-12-29 17:11:53.464496]: context ppl 361.2705 | text ppl 23.7648 | rating loss 0.6186 |  2000/ 2001 batches
[2020-12-29 17:11:53.517172]: context ppl 276.7918 | text ppl 15.4686 | rating loss 0.4763 |  2001/ 2001 batches
[2020-12-29 17:12:08.250590]: context ppl 397.0165 | text ppl 28.8121 | rating loss 0.6527 | valid loss 4.0135 on validation
[2020-12-29 17:12:08.250923]: Endured 5 time(s)
[2020-12-29 17:12:08.250949]: Cannot endure it anymore | Exiting from early stop
=========================================================================================
[2020-12-29 17:12:23.140221]: context ppl 395.5267 | text ppl 28.9580 | rating loss 0.6613 on test | End of training
[2020-12-29 17:12:23.140288]: Generating text
[2020-12-29 17:13:28.767998]: RMSE  0.8132
[2020-12-29 17:13:28.774391]: MAE  0.6307
[2020-12-29 17:13:30.207213]: BLEU-1 24.3260
[2020-12-29 17:13:33.151413]: BLEU-4  4.4710
[2020-12-29 17:13:39.815459]: USR  0.1668 | USN    5337
[2020-12-29 17:17:20.347584]: DIV  1.7037
[2020-12-29 17:17:20.690708]: FCR  0.3162
[2020-12-29 17:17:20.702630]: FMR  0.8861
[2020-12-29 17:17:23.553228]: rouge_1/f_score 30.4203
[2020-12-29 17:17:23.553699]: rouge_1/r_score 29.1533
[2020-12-29 17:17:23.553731]: rouge_1/p_score 37.4339
[2020-12-29 17:17:23.553746]: rouge_2/f_score  9.0938
[2020-12-29 17:17:23.553757]: rouge_2/r_score  8.7966
[2020-12-29 17:17:23.553768]: rouge_2/p_score 11.7738
[2020-12-29 17:17:23.553778]: rouge_l/f_score 22.8897
[2020-12-29 17:17:23.553788]: rouge_l/r_score 25.2610
[2020-12-29 17:17:23.553798]: rouge_l/p_score 31.3807
[2020-12-29 17:17:23.602639]: Generated text saved to (./tripadvisorf/generated.txt)
----------------------------------------ARGUMENTS----------------------------------------
data_path                                ../TripAdvisor/reviews.pickle
index_dir                                ../TripAdvisor/1/
emsize                                   512
nhead                                    2
nhid                                     2048
nlayers                                  2
dropout                                  0.2
lr                                       1.0
clip                                     1.0
epochs                                   100
batch_size                               128
seed                                     1111
cuda                                     True
log_interval                             200
checkpoint                               ./tripadvisorf/
outf                                     generated.txt
vocab_size                               20000
endure_times                             5
rating_reg                               0.1
context_reg                              1.0
text_reg                                 1.0
peter_mask                               True
use_feature                              True
words                                    15
----------------------------------------ARGUMENTS----------------------------------------
[2022-03-01 13:09:00.412714]: Loading data
[2022-03-01 13:09:15.912077]: epoch 1
[2022-03-01 13:09:20.860091]: context ppl 1945.2674 | text ppl 1138.4341 | rating loss 3.2923 |   200/ 2001 batches
[2022-03-01 13:09:25.035084]: context ppl 692.6491 | text ppl 263.9461 | rating loss 1.3865 |   400/ 2001 batches
[2022-03-01 13:09:29.204381]: context ppl 595.5565 | text ppl 167.7699 | rating loss 1.1121 |   600/ 2001 batches
[2022-03-01 13:09:33.360963]: context ppl 541.0871 | text ppl 125.9710 | rating loss 0.9608 |   800/ 2001 batches
[2022-03-01 13:09:37.512296]: context ppl 515.9040 | text ppl 104.7862 | rating loss 0.9053 |  1000/ 2001 batches
[2022-03-01 13:09:41.659097]: context ppl 494.9038 | text ppl 91.0446 | rating loss 0.9166 |  1200/ 2001 batches
[2022-03-01 13:09:45.805898]: context ppl 489.7695 | text ppl 85.2652 | rating loss 0.9054 |  1400/ 2001 batches
[2022-03-01 13:09:49.742087]: context ppl 475.3209 | text ppl 78.1434 | rating loss 0.8929 |  1600/ 2001 batches
[2022-03-01 13:09:53.522084]: context ppl 467.5823 | text ppl 72.5279 | rating loss 0.8737 |  1800/ 2001 batches
[2022-03-01 13:09:57.294259]: context ppl 461.0822 | text ppl 68.9958 | rating loss 0.8852 |  2000/ 2001 batches
[2022-03-01 13:09:57.314372]: context ppl 542.0223 | text ppl 92.1177 | rating loss 0.5473 |  2001/ 2001 batches
[2022-03-01 13:09:58.851768]: context ppl 474.5344 | text ppl 61.5467 | rating loss 0.8225 | valid loss 4.9423 on validation
[2022-03-01 13:09:59.245673]: epoch 2
[2022-03-01 13:10:03.216775]: context ppl 461.1559 | text ppl 64.2741 | rating loss 0.8465 |   200/ 2001 batches
[2022-03-01 13:10:07.001718]: context ppl 456.4314 | text ppl 61.9718 | rating loss 0.8342 |   400/ 2001 batches
[2022-03-01 13:10:10.787595]: context ppl 451.1100 | text ppl 59.5679 | rating loss 0.8223 |   600/ 2001 batches
[2022-03-01 13:10:14.571736]: context ppl 453.4885 | text ppl 58.6167 | rating loss 0.8294 |   800/ 2001 batches
[2022-03-01 13:10:18.438184]: context ppl 449.0576 | text ppl 56.6561 | rating loss 0.8342 |  1000/ 2001 batches
[2022-03-01 13:10:22.237050]: context ppl 447.3175 | text ppl 55.5776 | rating loss 0.8390 |  1200/ 2001 batches
[2022-03-01 13:10:26.022158]: context ppl 445.4724 | text ppl 54.1001 | rating loss 0.8464 |  1400/ 2001 batches
[2022-03-01 13:10:29.799898]: context ppl 443.0554 | text ppl 53.3491 | rating loss 0.8308 |  1600/ 2001 batches
[2022-03-01 13:10:33.576750]: context ppl 440.4957 | text ppl 51.9749 | rating loss 0.8250 |  1800/ 2001 batches
[2022-03-01 13:10:37.499215]: context ppl 441.6545 | text ppl 51.2633 | rating loss 0.8326 |  2000/ 2001 batches
[2022-03-01 13:10:37.513752]: context ppl 402.6854 | text ppl 38.6152 | rating loss 0.8151 |  2001/ 2001 batches
[2022-03-01 13:10:39.227055]: context ppl 431.1324 | text ppl 45.5415 | rating loss 0.8232 | valid loss 4.6418 on validation
[2022-03-01 13:10:39.890437]: epoch 3
[2022-03-01 13:10:44.477870]: context ppl 438.2797 | text ppl 48.1381 | rating loss 0.8202 |   200/ 2001 batches
[2022-03-01 13:10:48.600349]: context ppl 437.5312 | text ppl 47.8013 | rating loss 0.8302 |   400/ 2001 batches
[2022-03-01 13:10:52.429620]: context ppl 435.5969 | text ppl 47.0730 | rating loss 0.8314 |   600/ 2001 batches
[2022-03-01 13:10:56.188789]: context ppl 436.2303 | text ppl 46.7320 | rating loss 0.8317 |   800/ 2001 batches
[2022-03-01 13:10:59.959731]: context ppl 435.0306 | text ppl 46.1399 | rating loss 0.8344 |  1000/ 2001 batches
[2022-03-01 13:11:03.713993]: context ppl 433.8691 | text ppl 45.6239 | rating loss 0.8355 |  1200/ 2001 batches
[2022-03-01 13:11:07.466803]: context ppl 435.2689 | text ppl 45.1736 | rating loss 0.8370 |  1400/ 2001 batches
[2022-03-01 13:11:11.218104]: context ppl 432.9786 | text ppl 44.9249 | rating loss 0.8464 |  1600/ 2001 batches
[2022-03-01 13:11:15.079010]: context ppl 433.7727 | text ppl 44.4591 | rating loss 0.8305 |  1800/ 2001 batches
[2022-03-01 13:11:19.179838]: context ppl 431.4284 | text ppl 43.9563 | rating loss 0.8261 |  2000/ 2001 batches
[2022-03-01 13:11:19.194327]: context ppl 337.4568 | text ppl 34.6360 | rating loss 1.0772 |  2001/ 2001 batches
[2022-03-01 13:11:20.913525]: context ppl 434.2862 | text ppl 40.9849 | rating loss 0.8227 | valid loss 4.5359 on validation
[2022-03-01 13:11:21.298258]: epoch 4
[2022-03-01 13:11:25.527273]: context ppl 425.1259 | text ppl 41.0259 | rating loss 0.8203 |   200/ 2001 batches
[2022-03-01 13:11:29.283310]: context ppl 429.5814 | text ppl 41.5938 | rating loss 0.8221 |   400/ 2001 batches
[2022-03-01 13:11:33.036848]: context ppl 427.9254 | text ppl 41.0737 | rating loss 0.8355 |   600/ 2001 batches
[2022-03-01 13:11:36.785685]: context ppl 431.6994 | text ppl 41.6584 | rating loss 0.8519 |   800/ 2001 batches
[2022-03-01 13:11:40.731701]: context ppl 429.0233 | text ppl 40.8517 | rating loss 0.8176 |  1000/ 2001 batches
[2022-03-01 13:11:44.758662]: context ppl 430.8702 | text ppl 40.8474 | rating loss 0.8276 |  1200/ 2001 batches
[2022-03-01 13:11:48.511353]: context ppl 430.1732 | text ppl 40.6071 | rating loss 0.8398 |  1400/ 2001 batches
[2022-03-01 13:11:52.442990]: context ppl 429.0086 | text ppl 40.3650 | rating loss 0.8348 |  1600/ 2001 batches
[2022-03-01 13:11:56.522125]: context ppl 430.0908 | text ppl 40.5629 | rating loss 0.8237 |  1800/ 2001 batches
[2022-03-01 13:12:00.596242]: context ppl 429.2794 | text ppl 40.1189 | rating loss 0.8265 |  2000/ 2001 batches
[2022-03-01 13:12:00.610676]: context ppl 511.6044 | text ppl 47.2313 | rating loss 0.6417 |  2001/ 2001 batches
[2022-03-01 13:12:02.323564]: context ppl 425.2207 | text ppl 37.4702 | rating loss 0.8272 | valid loss 4.4507 on validation
[2022-03-01 13:12:02.704516]: epoch 5
[2022-03-01 13:12:06.973270]: context ppl 422.5883 | text ppl 37.2671 | rating loss 0.8203 |   200/ 2001 batches
[2022-03-01 13:12:11.032322]: context ppl 425.2331 | text ppl 37.8539 | rating loss 0.8284 |   400/ 2001 batches
[2022-03-01 13:12:14.966389]: context ppl 422.7813 | text ppl 37.8230 | rating loss 0.8276 |   600/ 2001 batches
[2022-03-01 13:12:19.054942]: context ppl 426.6029 | text ppl 38.2700 | rating loss 0.8185 |   800/ 2001 batches
[2022-03-01 13:12:23.136469]: context ppl 423.0914 | text ppl 37.6320 | rating loss 0.8204 |  1000/ 2001 batches
[2022-03-01 13:12:27.222007]: context ppl 425.2683 | text ppl 38.2379 | rating loss 0.8288 |  1200/ 2001 batches
[2022-03-01 13:12:31.285518]: context ppl 424.5791 | text ppl 37.5476 | rating loss 0.8316 |  1400/ 2001 batches
[2022-03-01 13:12:35.369490]: context ppl 425.8171 | text ppl 37.7682 | rating loss 0.8042 |  1600/ 2001 batches
[2022-03-01 13:12:39.437680]: context ppl 423.4175 | text ppl 37.6831 | rating loss 0.8191 |  1800/ 2001 batches
[2022-03-01 13:12:43.500650]: context ppl 419.2713 | text ppl 36.8958 | rating loss 0.8126 |  2000/ 2001 batches
[2022-03-01 13:12:43.515211]: context ppl 427.7598 | text ppl 43.8707 | rating loss 0.4696 |  2001/ 2001 batches
[2022-03-01 13:12:45.227352]: context ppl 417.8479 | text ppl 35.2500 | rating loss 0.7914 | valid loss 4.3539 on validation
[2022-03-01 13:12:45.626891]: epoch 6
[2022-03-01 13:12:49.778744]: context ppl 420.0965 | text ppl 35.1932 | rating loss 0.8088 |   200/ 2001 batches
[2022-03-01 13:12:53.526031]: context ppl 416.5529 | text ppl 35.2914 | rating loss 0.7945 |   400/ 2001 batches
[2022-03-01 13:12:57.277471]: context ppl 418.5445 | text ppl 35.5709 | rating loss 0.8077 |   600/ 2001 batches
[2022-03-01 13:13:01.022556]: context ppl 417.4474 | text ppl 35.2703 | rating loss 0.7993 |   800/ 2001 batches
[2022-03-01 13:13:04.763449]: context ppl 414.5320 | text ppl 35.1281 | rating loss 0.7951 |  1000/ 2001 batches
[2022-03-01 13:13:08.547573]: context ppl 418.2446 | text ppl 35.5353 | rating loss 0.7743 |  1200/ 2001 batches
[2022-03-01 13:13:12.561758]: context ppl 418.3948 | text ppl 35.6551 | rating loss 0.7823 |  1400/ 2001 batches
[2022-03-01 13:13:16.304884]: context ppl 415.8714 | text ppl 35.5256 | rating loss 0.7885 |  1600/ 2001 batches
[2022-03-01 13:13:20.253379]: context ppl 417.8227 | text ppl 35.3693 | rating loss 0.7800 |  1800/ 2001 batches
[2022-03-01 13:13:24.074634]: context ppl 416.8613 | text ppl 35.4308 | rating loss 0.7704 |  2000/ 2001 batches
[2022-03-01 13:13:24.088085]: context ppl 393.2535 | text ppl 29.7661 | rating loss 0.9307 |  2001/ 2001 batches
[2022-03-01 13:13:25.634970]: context ppl 414.8190 | text ppl 34.1595 | rating loss 0.7578 | valid loss 4.2888 on validation
[2022-03-01 13:13:26.006140]: epoch 7
[2022-03-01 13:13:30.150411]: context ppl 413.8843 | text ppl 33.3979 | rating loss 0.7740 |   200/ 2001 batches
[2022-03-01 13:13:34.278594]: context ppl 412.9223 | text ppl 33.4176 | rating loss 0.7690 |   400/ 2001 batches
[2022-03-01 13:13:38.411035]: context ppl 413.3692 | text ppl 33.6684 | rating loss 0.7601 |   600/ 2001 batches
[2022-03-01 13:13:42.543521]: context ppl 413.0525 | text ppl 33.7501 | rating loss 0.7515 |   800/ 2001 batches
[2022-03-01 13:13:46.671112]: context ppl 407.9058 | text ppl 33.2921 | rating loss 0.7336 |  1000/ 2001 batches
[2022-03-01 13:13:50.694671]: context ppl 408.8869 | text ppl 33.6907 | rating loss 0.7433 |  1200/ 2001 batches
[2022-03-01 13:13:54.829491]: context ppl 409.6537 | text ppl 33.4987 | rating loss 0.7456 |  1400/ 2001 batches
[2022-03-01 13:13:58.958547]: context ppl 409.8369 | text ppl 33.9091 | rating loss 0.7489 |  1600/ 2001 batches
[2022-03-01 13:14:03.064373]: context ppl 409.4600 | text ppl 33.8175 | rating loss 0.7537 |  1800/ 2001 batches
[2022-03-01 13:14:07.025469]: context ppl 409.1281 | text ppl 33.9006 | rating loss 0.7541 |  2000/ 2001 batches
[2022-03-01 13:14:07.039041]: context ppl 333.7610 | text ppl 34.1611 | rating loss 0.7258 |  2001/ 2001 batches
[2022-03-01 13:14:08.583661]: context ppl 414.8558 | text ppl 33.4125 | rating loss 0.7421 | valid loss 4.2510 on validation
[2022-03-01 13:14:08.945918]: epoch 8
[2022-03-01 13:14:12.905490]: context ppl 405.0745 | text ppl 31.8731 | rating loss 0.7318 |   200/ 2001 batches
[2022-03-01 13:14:16.773081]: context ppl 406.0571 | text ppl 32.1674 | rating loss 0.7376 |   400/ 2001 batches
[2022-03-01 13:14:20.929496]: context ppl 400.5445 | text ppl 31.7451 | rating loss 0.7274 |   600/ 2001 batches
[2022-03-01 13:14:25.084918]: context ppl 403.7715 | text ppl 32.2078 | rating loss 0.7238 |   800/ 2001 batches
[2022-03-01 13:14:29.231610]: context ppl 405.1283 | text ppl 32.6088 | rating loss 0.7162 |  1000/ 2001 batches
[2022-03-01 13:14:33.370975]: context ppl 402.9109 | text ppl 32.2323 | rating loss 0.7197 |  1200/ 2001 batches
[2022-03-01 13:14:37.510112]: context ppl 402.3720 | text ppl 32.1466 | rating loss 0.7078 |  1400/ 2001 batches
[2022-03-01 13:14:41.653801]: context ppl 399.4078 | text ppl 32.0019 | rating loss 0.7154 |  1600/ 2001 batches
[2022-03-01 13:14:45.782529]: context ppl 401.9748 | text ppl 32.3841 | rating loss 0.7281 |  1800/ 2001 batches
[2022-03-01 13:14:49.925363]: context ppl 403.9429 | text ppl 32.5896 | rating loss 0.7090 |  2000/ 2001 batches
[2022-03-01 13:14:49.939867]: context ppl 418.4806 | text ppl 50.9261 | rating loss 1.8671 |  2001/ 2001 batches
[2022-03-01 13:14:51.650610]: context ppl 405.4804 | text ppl 31.9986 | rating loss 0.7060 | valid loss 4.1716 on validation
[2022-03-01 13:14:52.024299]: epoch 9
[2022-03-01 13:14:56.381260]: context ppl 393.7525 | text ppl 30.1350 | rating loss 0.6910 |   200/ 2001 batches
[2022-03-01 13:15:00.553674]: context ppl 395.4084 | text ppl 30.6241 | rating loss 0.6961 |   400/ 2001 batches
[2022-03-01 13:15:04.728174]: context ppl 397.0267 | text ppl 31.1569 | rating loss 0.6929 |   600/ 2001 batches
[2022-03-01 13:15:08.901859]: context ppl 396.3821 | text ppl 31.1443 | rating loss 0.6975 |   800/ 2001 batches
[2022-03-01 13:15:13.075085]: context ppl 395.7847 | text ppl 30.8923 | rating loss 0.7090 |  1000/ 2001 batches
[2022-03-01 13:15:17.242322]: context ppl 393.1327 | text ppl 31.1744 | rating loss 0.6908 |  1200/ 2001 batches
[2022-03-01 13:15:21.098867]: context ppl 395.5344 | text ppl 30.9672 | rating loss 0.6871 |  1400/ 2001 batches
[2022-03-01 13:15:24.890411]: context ppl 396.3316 | text ppl 31.4912 | rating loss 0.7057 |  1600/ 2001 batches
[2022-03-01 13:15:28.688714]: context ppl 399.0435 | text ppl 31.4738 | rating loss 0.6882 |  1800/ 2001 batches
[2022-03-01 13:15:32.481502]: context ppl 393.4080 | text ppl 30.9275 | rating loss 0.6873 |  2000/ 2001 batches
[2022-03-01 13:15:32.495018]: context ppl 382.7812 | text ppl 26.6510 | rating loss 0.3870 |  2001/ 2001 batches
[2022-03-01 13:15:34.042177]: context ppl 405.2321 | text ppl 32.2630 | rating loss 0.6813 | valid loss 4.1552 on validation
[2022-03-01 13:15:34.420869]: epoch 10
[2022-03-01 13:15:38.789350]: context ppl 389.6630 | text ppl 29.5291 | rating loss 0.6649 |   200/ 2001 batches
[2022-03-01 13:15:42.970788]: context ppl 388.7535 | text ppl 29.5123 | rating loss 0.6814 |   400/ 2001 batches
[2022-03-01 13:15:46.858375]: context ppl 387.6163 | text ppl 29.6861 | rating loss 0.6830 |   600/ 2001 batches
[2022-03-01 13:15:50.827087]: context ppl 390.0415 | text ppl 29.9047 | rating loss 0.6657 |   800/ 2001 batches
[2022-03-01 13:15:54.643527]: context ppl 387.6508 | text ppl 29.9529 | rating loss 0.6689 |  1000/ 2001 batches
[2022-03-01 13:15:58.630051]: context ppl 386.0956 | text ppl 29.8532 | rating loss 0.6796 |  1200/ 2001 batches
[2022-03-01 13:16:02.681519]: context ppl 387.2757 | text ppl 30.0048 | rating loss 0.6773 |  1400/ 2001 batches
[2022-03-01 13:16:06.864759]: context ppl 389.8053 | text ppl 30.4217 | rating loss 0.6768 |  1600/ 2001 batches
[2022-03-01 13:16:11.055400]: context ppl 390.0243 | text ppl 30.3469 | rating loss 0.6805 |  1800/ 2001 batches
[2022-03-01 13:16:15.236371]: context ppl 387.9101 | text ppl 30.2696 | rating loss 0.6818 |  2000/ 2001 batches
[2022-03-01 13:16:15.250937]: context ppl 366.6532 | text ppl 24.7519 | rating loss 0.6517 |  2001/ 2001 batches
[2022-03-01 13:16:16.965742]: context ppl 402.6346 | text ppl 31.5671 | rating loss 0.6650 | valid loss 4.1171 on validation
[2022-03-01 13:16:17.342645]: epoch 11
[2022-03-01 13:16:21.676914]: context ppl 379.6360 | text ppl 28.3478 | rating loss 0.6601 |   200/ 2001 batches
[2022-03-01 13:16:25.865940]: context ppl 379.7845 | text ppl 28.4294 | rating loss 0.6615 |   400/ 2001 batches
[2022-03-01 13:16:30.064873]: context ppl 380.0533 | text ppl 28.9300 | rating loss 0.6719 |   600/ 2001 batches
[2022-03-01 13:16:34.252174]: context ppl 381.8201 | text ppl 28.7853 | rating loss 0.6553 |   800/ 2001 batches
[2022-03-01 13:16:38.434109]: context ppl 383.9593 | text ppl 28.9714 | rating loss 0.6692 |  1000/ 2001 batches
[2022-03-01 13:16:42.614989]: context ppl 380.6910 | text ppl 29.1485 | rating loss 0.6550 |  1200/ 2001 batches
[2022-03-01 13:16:46.535504]: context ppl 384.6605 | text ppl 29.3488 | rating loss 0.6686 |  1400/ 2001 batches
[2022-03-01 13:16:50.517429]: context ppl 382.1814 | text ppl 29.4707 | rating loss 0.6648 |  1600/ 2001 batches
[2022-03-01 13:16:54.699359]: context ppl 378.8811 | text ppl 28.9656 | rating loss 0.6483 |  1800/ 2001 batches
[2022-03-01 13:16:58.876704]: context ppl 385.8861 | text ppl 29.6686 | rating loss 0.6594 |  2000/ 2001 batches
[2022-03-01 13:16:58.891215]: context ppl 234.2266 | text ppl 18.0451 | rating loss 0.6191 |  2001/ 2001 batches
[2022-03-01 13:17:00.605196]: context ppl 411.8379 | text ppl 32.0757 | rating loss 0.6584 | valid loss 4.1265 on validation
[2022-03-01 13:17:00.605273]: Endured 1 time(s)
[2022-03-01 13:17:00.605398]: Learning rate set to 0.25000000
[2022-03-01 13:17:00.605432]: epoch 12
[2022-03-01 13:17:04.958361]: context ppl 364.3450 | text ppl 25.9688 | rating loss 0.6324 |   200/ 2001 batches
[2022-03-01 13:17:09.135588]: context ppl 368.2572 | text ppl 25.9093 | rating loss 0.6256 |   400/ 2001 batches
[2022-03-01 13:17:13.317249]: context ppl 365.5285 | text ppl 25.3351 | rating loss 0.6197 |   600/ 2001 batches
[2022-03-01 13:17:17.503782]: context ppl 364.6269 | text ppl 25.4651 | rating loss 0.6239 |   800/ 2001 batches
[2022-03-01 13:17:21.680799]: context ppl 366.1316 | text ppl 25.5348 | rating loss 0.6191 |  1000/ 2001 batches
[2022-03-01 13:17:25.856725]: context ppl 363.7252 | text ppl 25.2224 | rating loss 0.6333 |  1200/ 2001 batches
[2022-03-01 13:17:30.031726]: context ppl 365.2922 | text ppl 25.2056 | rating loss 0.6348 |  1400/ 2001 batches
[2022-03-01 13:17:34.205463]: context ppl 366.0473 | text ppl 25.4061 | rating loss 0.6216 |  1600/ 2001 batches
[2022-03-01 13:17:38.383759]: context ppl 360.4473 | text ppl 24.8915 | rating loss 0.6149 |  1800/ 2001 batches
[2022-03-01 13:17:42.559667]: context ppl 364.6258 | text ppl 25.1873 | rating loss 0.6313 |  2000/ 2001 batches
[2022-03-01 13:17:42.574262]: context ppl 444.1727 | text ppl 28.2157 | rating loss 0.5858 |  2001/ 2001 batches
[2022-03-01 13:17:44.285198]: context ppl 394.8604 | text ppl 28.9450 | rating loss 0.6532 | valid loss 4.0186 on validation
[2022-03-01 13:17:44.665918]: epoch 13
[2022-03-01 13:17:48.790694]: context ppl 359.5658 | text ppl 24.3794 | rating loss 0.6157 |   200/ 2001 batches
[2022-03-01 13:17:52.795546]: context ppl 358.2208 | text ppl 24.3654 | rating loss 0.6141 |   400/ 2001 batches
[2022-03-01 13:17:56.610135]: context ppl 361.6228 | text ppl 24.4080 | rating loss 0.6196 |   600/ 2001 batches
[2022-03-01 13:18:00.431889]: context ppl 362.6108 | text ppl 24.8720 | rating loss 0.6182 |   800/ 2001 batches
[2022-03-01 13:18:04.239442]: context ppl 362.2178 | text ppl 24.6883 | rating loss 0.6170 |  1000/ 2001 batches
[2022-03-01 13:18:08.362166]: context ppl 359.1182 | text ppl 24.3567 | rating loss 0.6191 |  1200/ 2001 batches
[2022-03-01 13:18:12.554151]: context ppl 360.7126 | text ppl 24.6447 | rating loss 0.6293 |  1400/ 2001 batches
[2022-03-01 13:18:16.738544]: context ppl 358.9632 | text ppl 24.3618 | rating loss 0.6249 |  1600/ 2001 batches
[2022-03-01 13:18:20.914983]: context ppl 362.8011 | text ppl 24.8817 | rating loss 0.6253 |  1800/ 2001 batches
[2022-03-01 13:18:25.094226]: context ppl 366.3442 | text ppl 24.9255 | rating loss 0.6257 |  2000/ 2001 batches
[2022-03-01 13:18:25.108663]: context ppl 328.4261 | text ppl 18.2436 | rating loss 0.4490 |  2001/ 2001 batches
[2022-03-01 13:18:26.821819]: context ppl 395.4432 | text ppl 28.7674 | rating loss 0.6527 | valid loss 4.0120 on validation
[2022-03-01 13:18:27.188686]: epoch 14
[2022-03-01 13:18:31.547167]: context ppl 354.4501 | text ppl 23.5641 | rating loss 0.6162 |   200/ 2001 batches
[2022-03-01 13:18:35.738982]: context ppl 357.6244 | text ppl 23.9584 | rating loss 0.6199 |   400/ 2001 batches
[2022-03-01 13:18:39.915768]: context ppl 357.4936 | text ppl 24.0887 | rating loss 0.6162 |   600/ 2001 batches
[2022-03-01 13:18:44.067874]: context ppl 359.5808 | text ppl 24.2844 | rating loss 0.6116 |   800/ 2001 batches
[2022-03-01 13:18:48.230309]: context ppl 357.5971 | text ppl 24.1728 | rating loss 0.6183 |  1000/ 2001 batches
[2022-03-01 13:18:52.378304]: context ppl 357.3183 | text ppl 24.0101 | rating loss 0.6142 |  1200/ 2001 batches
[2022-03-01 13:18:56.318755]: context ppl 358.6713 | text ppl 24.2002 | rating loss 0.6226 |  1400/ 2001 batches
[2022-03-01 13:19:00.321623]: context ppl 357.3700 | text ppl 24.1625 | rating loss 0.6230 |  1600/ 2001 batches
[2022-03-01 13:19:04.452353]: context ppl 359.3222 | text ppl 24.0623 | rating loss 0.6205 |  1800/ 2001 batches
[2022-03-01 13:19:08.635015]: context ppl 361.7339 | text ppl 24.4543 | rating loss 0.6130 |  2000/ 2001 batches
[2022-03-01 13:19:08.649680]: context ppl 344.3610 | text ppl 22.0496 | rating loss 0.5697 |  2001/ 2001 batches
[2022-03-01 13:19:10.365075]: context ppl 394.6048 | text ppl 28.5849 | rating loss 0.6533 | valid loss 4.0061 on validation
[2022-03-01 13:19:10.735641]: epoch 15
[2022-03-01 13:19:14.985589]: context ppl 354.7414 | text ppl 23.6066 | rating loss 0.6060 |   200/ 2001 batches
[2022-03-01 13:19:18.792215]: context ppl 354.4802 | text ppl 23.6845 | rating loss 0.6089 |   400/ 2001 batches
[2022-03-01 13:19:22.597120]: context ppl 355.1056 | text ppl 23.6889 | rating loss 0.6135 |   600/ 2001 batches
[2022-03-01 13:19:26.400119]: context ppl 355.4749 | text ppl 23.5537 | rating loss 0.6207 |   800/ 2001 batches
[2022-03-01 13:19:30.202669]: context ppl 355.3630 | text ppl 23.7404 | rating loss 0.6095 |  1000/ 2001 batches
[2022-03-01 13:19:34.006669]: context ppl 355.2079 | text ppl 23.6336 | rating loss 0.6170 |  1200/ 2001 batches
[2022-03-01 13:19:37.809151]: context ppl 355.1819 | text ppl 23.8617 | rating loss 0.6162 |  1400/ 2001 batches
[2022-03-01 13:19:41.610518]: context ppl 352.0664 | text ppl 23.6618 | rating loss 0.6207 |  1600/ 2001 batches
[2022-03-01 13:19:45.421907]: context ppl 359.3099 | text ppl 24.0961 | rating loss 0.6148 |  1800/ 2001 batches
[2022-03-01 13:19:49.378635]: context ppl 357.1494 | text ppl 23.9824 | rating loss 0.6142 |  2000/ 2001 batches
[2022-03-01 13:19:49.393045]: context ppl 481.6409 | text ppl 28.4610 | rating loss 0.8484 |  2001/ 2001 batches
[2022-03-01 13:19:51.105345]: context ppl 395.0007 | text ppl 28.4877 | rating loss 0.6612 | valid loss 4.0106 on validation
[2022-03-01 13:19:51.105432]: Endured 2 time(s)
[2022-03-01 13:19:51.105545]: Learning rate set to 0.06250000
[2022-03-01 13:19:51.105577]: epoch 16
[2022-03-01 13:19:55.459179]: context ppl 350.0402 | text ppl 22.8145 | rating loss 0.6105 |   200/ 2001 batches
[2022-03-01 13:19:59.634977]: context ppl 349.4998 | text ppl 22.8672 | rating loss 0.5974 |   400/ 2001 batches
[2022-03-01 13:20:03.812159]: context ppl 350.6914 | text ppl 23.0431 | rating loss 0.6133 |   600/ 2001 batches
[2022-03-01 13:20:07.989715]: context ppl 352.0782 | text ppl 23.0469 | rating loss 0.6025 |   800/ 2001 batches
[2022-03-01 13:20:12.165474]: context ppl 348.0579 | text ppl 22.8397 | rating loss 0.6081 |  1000/ 2001 batches
[2022-03-01 13:20:16.344021]: context ppl 348.8129 | text ppl 22.7697 | rating loss 0.6083 |  1200/ 2001 batches
[2022-03-01 13:20:20.520665]: context ppl 350.0733 | text ppl 22.6743 | rating loss 0.6073 |  1400/ 2001 batches
[2022-03-01 13:20:24.699970]: context ppl 349.5535 | text ppl 22.8998 | rating loss 0.5956 |  1600/ 2001 batches
[2022-03-01 13:20:28.877298]: context ppl 350.0703 | text ppl 22.9396 | rating loss 0.6056 |  1800/ 2001 batches
[2022-03-01 13:20:33.063053]: context ppl 349.7401 | text ppl 22.6168 | rating loss 0.6175 |  2000/ 2001 batches
[2022-03-01 13:20:33.080086]: context ppl 361.6743 | text ppl 22.6703 | rating loss 0.2028 |  2001/ 2001 batches
[2022-03-01 13:20:34.793489]: context ppl 395.5890 | text ppl 28.2883 | rating loss 0.6511 | valid loss 3.9936 on validation
[2022-03-01 13:20:35.447374]: epoch 17
[2022-03-01 13:20:39.802274]: context ppl 345.8244 | text ppl 22.4507 | rating loss 0.5995 |   200/ 2001 batches
[2022-03-01 13:20:43.983930]: context ppl 349.8112 | text ppl 22.6193 | rating loss 0.6126 |   400/ 2001 batches
[2022-03-01 13:20:48.160330]: context ppl 346.2600 | text ppl 22.4374 | rating loss 0.6113 |   600/ 2001 batches
[2022-03-01 13:20:52.003150]: context ppl 348.7043 | text ppl 22.7029 | rating loss 0.6055 |   800/ 2001 batches
[2022-03-01 13:20:55.806275]: context ppl 349.2196 | text ppl 22.6763 | rating loss 0.6046 |  1000/ 2001 batches
[2022-03-01 13:20:59.608860]: context ppl 348.3242 | text ppl 22.5568 | rating loss 0.6061 |  1200/ 2001 batches
[2022-03-01 13:21:03.410789]: context ppl 350.0356 | text ppl 22.8073 | rating loss 0.5959 |  1400/ 2001 batches
[2022-03-01 13:21:07.212078]: context ppl 350.3556 | text ppl 22.8864 | rating loss 0.6042 |  1600/ 2001 batches
[2022-03-01 13:21:11.017705]: context ppl 350.7713 | text ppl 22.9127 | rating loss 0.5960 |  1800/ 2001 batches
[2022-03-01 13:21:14.823952]: context ppl 347.5840 | text ppl 22.5681 | rating loss 0.6179 |  2000/ 2001 batches
[2022-03-01 13:21:14.837460]: context ppl 317.7936 | text ppl 22.8435 | rating loss 1.0581 |  2001/ 2001 batches
[2022-03-01 13:21:16.380470]: context ppl 394.4720 | text ppl 28.2548 | rating loss 0.6497 | valid loss 3.9910 on validation
[2022-03-01 13:21:16.736085]: epoch 18
[2022-03-01 13:21:20.935668]: context ppl 345.4193 | text ppl 22.3104 | rating loss 0.5968 |   200/ 2001 batches
[2022-03-01 13:21:24.922935]: context ppl 349.2528 | text ppl 22.4985 | rating loss 0.6121 |   400/ 2001 batches
[2022-03-01 13:21:29.096898]: context ppl 347.3411 | text ppl 22.4930 | rating loss 0.5979 |   600/ 2001 batches
[2022-03-01 13:21:33.269076]: context ppl 347.3620 | text ppl 22.5582 | rating loss 0.6116 |   800/ 2001 batches
[2022-03-01 13:21:37.357130]: context ppl 349.5539 | text ppl 22.5070 | rating loss 0.5950 |  1000/ 2001 batches
[2022-03-01 13:21:41.227073]: context ppl 348.2592 | text ppl 22.6606 | rating loss 0.6050 |  1200/ 2001 batches
[2022-03-01 13:21:45.043336]: context ppl 346.8721 | text ppl 22.4694 | rating loss 0.6036 |  1400/ 2001 batches
[2022-03-01 13:21:48.852598]: context ppl 346.6583 | text ppl 22.5414 | rating loss 0.6092 |  1600/ 2001 batches
[2022-03-01 13:21:52.999076]: context ppl 348.1307 | text ppl 22.5793 | rating loss 0.6016 |  1800/ 2001 batches
[2022-03-01 13:21:57.181921]: context ppl 348.5796 | text ppl 22.5704 | rating loss 0.6124 |  2000/ 2001 batches
[2022-03-01 13:21:57.196492]: context ppl 327.1203 | text ppl 22.9903 | rating loss 0.7145 |  2001/ 2001 batches
[2022-03-01 13:21:58.911153]: context ppl 395.6295 | text ppl 28.2816 | rating loss 0.6513 | valid loss 3.9935 on validation
[2022-03-01 13:21:58.911218]: Endured 3 time(s)
[2022-03-01 13:21:58.911328]: Learning rate set to 0.01562500
[2022-03-01 13:21:58.911370]: epoch 19
[2022-03-01 13:22:03.261983]: context ppl 342.7523 | text ppl 21.9943 | rating loss 0.5924 |   200/ 2001 batches
[2022-03-01 13:22:07.121310]: context ppl 345.4129 | text ppl 22.2967 | rating loss 0.6096 |   400/ 2001 batches
[2022-03-01 13:22:10.933686]: context ppl 347.7977 | text ppl 22.4444 | rating loss 0.6054 |   600/ 2001 batches
[2022-03-01 13:22:14.742310]: context ppl 346.4495 | text ppl 22.2579 | rating loss 0.6115 |   800/ 2001 batches
[2022-03-01 13:22:18.549010]: context ppl 349.8467 | text ppl 22.5639 | rating loss 0.5979 |  1000/ 2001 batches
[2022-03-01 13:22:22.591472]: context ppl 345.3038 | text ppl 22.3295 | rating loss 0.6034 |  1200/ 2001 batches
[2022-03-01 13:22:26.765402]: context ppl 344.1676 | text ppl 22.0437 | rating loss 0.6005 |  1400/ 2001 batches
[2022-03-01 13:22:30.937943]: context ppl 345.9400 | text ppl 22.1809 | rating loss 0.6029 |  1600/ 2001 batches
[2022-03-01 13:22:35.110740]: context ppl 346.7653 | text ppl 22.1988 | rating loss 0.5989 |  1800/ 2001 batches
[2022-03-01 13:22:39.284428]: context ppl 347.5196 | text ppl 22.4970 | rating loss 0.6037 |  2000/ 2001 batches
[2022-03-01 13:22:39.298911]: context ppl 312.8422 | text ppl 16.2790 | rating loss 0.4613 |  2001/ 2001 batches
[2022-03-01 13:22:41.011038]: context ppl 395.4600 | text ppl 28.2220 | rating loss 0.6502 | valid loss 3.9903 on validation
[2022-03-01 13:22:41.381865]: epoch 20
[2022-03-01 13:22:45.740377]: context ppl 344.6252 | text ppl 22.1325 | rating loss 0.5982 |   200/ 2001 batches
[2022-03-01 13:22:49.839237]: context ppl 347.2819 | text ppl 22.4197 | rating loss 0.6010 |   400/ 2001 batches
[2022-03-01 13:22:53.821559]: context ppl 345.4605 | text ppl 22.2166 | rating loss 0.6001 |   600/ 2001 batches
[2022-03-01 13:22:57.996057]: context ppl 346.1823 | text ppl 22.1985 | rating loss 0.6177 |   800/ 2001 batches
[2022-03-01 13:23:02.172512]: context ppl 345.3703 | text ppl 22.2625 | rating loss 0.5928 |  1000/ 2001 batches
[2022-03-01 13:23:06.346074]: context ppl 346.5392 | text ppl 22.2870 | rating loss 0.6094 |  1200/ 2001 batches
[2022-03-01 13:23:10.521265]: context ppl 346.3936 | text ppl 22.1583 | rating loss 0.6033 |  1400/ 2001 batches
[2022-03-01 13:23:14.699076]: context ppl 344.1630 | text ppl 22.1015 | rating loss 0.6034 |  1600/ 2001 batches
[2022-03-01 13:23:18.608955]: context ppl 344.6738 | text ppl 22.2050 | rating loss 0.5926 |  1800/ 2001 batches
[2022-03-01 13:23:22.410414]: context ppl 348.6755 | text ppl 22.3609 | rating loss 0.6037 |  2000/ 2001 batches
[2022-03-01 13:23:22.423881]: context ppl 361.7268 | text ppl 33.3969 | rating loss 0.5414 |  2001/ 2001 batches
[2022-03-01 13:23:23.967512]: context ppl 395.2044 | text ppl 28.2119 | rating loss 0.6508 | valid loss 3.9905 on validation
[2022-03-01 13:23:23.967575]: Endured 4 time(s)
[2022-03-01 13:23:23.967683]: Learning rate set to 0.00390625
[2022-03-01 13:23:23.967711]: epoch 21
[2022-03-01 13:23:27.943302]: context ppl 344.2003 | text ppl 22.0598 | rating loss 0.6026 |   200/ 2001 batches
[2022-03-01 13:23:31.743348]: context ppl 345.9889 | text ppl 22.2527 | rating loss 0.6028 |   400/ 2001 batches
[2022-03-01 13:23:35.548400]: context ppl 346.3411 | text ppl 22.2851 | rating loss 0.6105 |   600/ 2001 batches
[2022-03-01 13:23:39.593351]: context ppl 349.2432 | text ppl 22.2543 | rating loss 0.6101 |   800/ 2001 batches
[2022-03-01 13:23:43.768960]: context ppl 347.6355 | text ppl 22.3482 | rating loss 0.6094 |  1000/ 2001 batches
[2022-03-01 13:23:47.938271]: context ppl 342.1149 | text ppl 21.8849 | rating loss 0.5945 |  1200/ 2001 batches
[2022-03-01 13:23:52.011087]: context ppl 347.8353 | text ppl 22.2170 | rating loss 0.5942 |  1400/ 2001 batches
[2022-03-01 13:23:55.878794]: context ppl 343.2427 | text ppl 22.2076 | rating loss 0.6123 |  1600/ 2001 batches
[2022-03-01 13:23:59.845584]: context ppl 343.9257 | text ppl 22.0600 | rating loss 0.5961 |  1800/ 2001 batches
[2022-03-01 13:24:03.653515]: context ppl 345.1297 | text ppl 22.0883 | rating loss 0.5982 |  2000/ 2001 batches
[2022-03-01 13:24:03.667097]: context ppl 332.1154 | text ppl 21.2314 | rating loss 0.8075 |  2001/ 2001 batches
[2022-03-01 13:24:05.207352]: context ppl 395.8306 | text ppl 28.2104 | rating loss 0.6504 | valid loss 3.9901 on validation
[2022-03-01 13:24:05.663808]: epoch 22
[2022-03-01 13:24:10.012475]: context ppl 346.9806 | text ppl 22.2550 | rating loss 0.5940 |   200/ 2001 batches
[2022-03-01 13:24:14.189337]: context ppl 345.8034 | text ppl 22.2348 | rating loss 0.6013 |   400/ 2001 batches
[2022-03-01 13:24:18.364798]: context ppl 345.8091 | text ppl 22.2262 | rating loss 0.6015 |   600/ 2001 batches
[2022-03-01 13:24:22.303453]: context ppl 347.6765 | text ppl 22.3286 | rating loss 0.6038 |   800/ 2001 batches
[2022-03-01 13:24:26.106553]: context ppl 343.4556 | text ppl 21.9409 | rating loss 0.5982 |  1000/ 2001 batches
[2022-03-01 13:24:30.221580]: context ppl 344.7024 | text ppl 22.0996 | rating loss 0.6127 |  1200/ 2001 batches
[2022-03-01 13:24:34.393398]: context ppl 345.6451 | text ppl 22.0984 | rating loss 0.5936 |  1400/ 2001 batches
[2022-03-01 13:24:38.569833]: context ppl 345.5174 | text ppl 22.2401 | rating loss 0.6044 |  1600/ 2001 batches
[2022-03-01 13:24:42.747012]: context ppl 344.6838 | text ppl 22.0480 | rating loss 0.5919 |  1800/ 2001 batches
[2022-03-01 13:24:46.920825]: context ppl 342.6368 | text ppl 21.9800 | rating loss 0.6104 |  2000/ 2001 batches
[2022-03-01 13:24:46.935190]: context ppl 381.9155 | text ppl 18.2983 | rating loss 0.7198 |  2001/ 2001 batches
[2022-03-01 13:24:48.646735]: context ppl 395.9754 | text ppl 28.2081 | rating loss 0.6503 | valid loss 3.9900 on validation
[2022-03-01 13:24:49.027418]: epoch 23
[2022-03-01 13:24:53.060861]: context ppl 345.7133 | text ppl 22.1030 | rating loss 0.5968 |   200/ 2001 batches
[2022-03-01 13:24:56.864899]: context ppl 342.8460 | text ppl 22.0987 | rating loss 0.5991 |   400/ 2001 batches
[2022-03-01 13:25:00.666808]: context ppl 345.3189 | text ppl 21.9477 | rating loss 0.6082 |   600/ 2001 batches
[2022-03-01 13:25:04.470139]: context ppl 343.7550 | text ppl 22.1074 | rating loss 0.6043 |   800/ 2001 batches
[2022-03-01 13:25:08.277503]: context ppl 346.0565 | text ppl 22.0482 | rating loss 0.6103 |  1000/ 2001 batches
[2022-03-01 13:25:12.137119]: context ppl 346.0807 | text ppl 22.2555 | rating loss 0.6022 |  1200/ 2001 batches
[2022-03-01 13:25:16.212947]: context ppl 347.6672 | text ppl 22.4299 | rating loss 0.5971 |  1400/ 2001 batches
[2022-03-01 13:25:20.175544]: context ppl 346.3458 | text ppl 22.0466 | rating loss 0.5971 |  1600/ 2001 batches
[2022-03-01 13:25:24.351013]: context ppl 346.0583 | text ppl 22.0589 | rating loss 0.6155 |  1800/ 2001 batches
[2022-03-01 13:25:28.526621]: context ppl 344.2995 | text ppl 22.2448 | rating loss 0.5928 |  2000/ 2001 batches
[2022-03-01 13:25:28.541062]: context ppl 241.4729 | text ppl 20.7115 | rating loss 0.5433 |  2001/ 2001 batches
[2022-03-01 13:25:30.251947]: context ppl 395.8745 | text ppl 28.2087 | rating loss 0.6501 | valid loss 3.9898 on validation
[2022-03-01 13:25:30.616169]: epoch 24
[2022-03-01 13:25:34.971922]: context ppl 343.9687 | text ppl 21.9831 | rating loss 0.6026 |   200/ 2001 batches
[2022-03-01 13:25:39.144593]: context ppl 343.0745 | text ppl 21.9839 | rating loss 0.5930 |   400/ 2001 batches
[2022-03-01 13:25:43.319007]: context ppl 347.3700 | text ppl 22.3398 | rating loss 0.6112 |   600/ 2001 batches
[2022-03-01 13:25:47.491734]: context ppl 347.6530 | text ppl 22.2389 | rating loss 0.6059 |   800/ 2001 batches
[2022-03-01 13:25:51.526578]: context ppl 343.2733 | text ppl 22.0597 | rating loss 0.5986 |  1000/ 2001 batches
[2022-03-01 13:25:55.700725]: context ppl 345.7019 | text ppl 22.0694 | rating loss 0.6021 |  1200/ 2001 batches
[2022-03-01 13:25:59.518964]: context ppl 345.0582 | text ppl 22.2482 | rating loss 0.5930 |  1400/ 2001 batches
[2022-03-01 13:26:03.654623]: context ppl 346.6583 | text ppl 22.1759 | rating loss 0.6073 |  1600/ 2001 batches
[2022-03-01 13:26:07.662518]: context ppl 347.0604 | text ppl 22.3487 | rating loss 0.6021 |  1800/ 2001 batches
[2022-03-01 13:26:11.472240]: context ppl 344.4224 | text ppl 22.0095 | rating loss 0.6023 |  2000/ 2001 batches
[2022-03-01 13:26:11.485717]: context ppl 377.6827 | text ppl 24.9719 | rating loss 1.2044 |  2001/ 2001 batches
[2022-03-01 13:26:13.033223]: context ppl 395.8347 | text ppl 28.2055 | rating loss 0.6501 | valid loss 3.9896 on validation
[2022-03-01 13:26:13.745784]: epoch 25
[2022-03-01 13:26:17.725290]: context ppl 346.3778 | text ppl 22.1742 | rating loss 0.6067 |   200/ 2001 batches
[2022-03-01 13:26:21.527554]: context ppl 344.0058 | text ppl 21.9943 | rating loss 0.5984 |   400/ 2001 batches
[2022-03-01 13:26:25.329116]: context ppl 344.0056 | text ppl 22.0826 | rating loss 0.6048 |   600/ 2001 batches
[2022-03-01 13:26:29.142520]: context ppl 344.7520 | text ppl 22.2588 | rating loss 0.6040 |   800/ 2001 batches
[2022-03-01 13:26:32.947869]: context ppl 346.0257 | text ppl 22.0427 | rating loss 0.6065 |  1000/ 2001 batches
[2022-03-01 13:26:36.755280]: context ppl 344.2212 | text ppl 22.0336 | rating loss 0.5879 |  1200/ 2001 batches
[2022-03-01 13:26:40.569291]: context ppl 345.7181 | text ppl 22.3272 | rating loss 0.5997 |  1400/ 2001 batches
[2022-03-01 13:26:44.383726]: context ppl 344.2560 | text ppl 22.0994 | rating loss 0.5978 |  1600/ 2001 batches
[2022-03-01 13:26:48.194155]: context ppl 346.3235 | text ppl 22.2114 | rating loss 0.6017 |  1800/ 2001 batches
[2022-03-01 13:26:52.209044]: context ppl 346.5906 | text ppl 22.1653 | rating loss 0.6084 |  2000/ 2001 batches
[2022-03-01 13:26:52.223585]: context ppl 396.2947 | text ppl 27.0174 | rating loss 0.4364 |  2001/ 2001 batches
[2022-03-01 13:26:53.935318]: context ppl 395.7414 | text ppl 28.1976 | rating loss 0.6503 | valid loss 3.9896 on validation
[2022-03-01 13:26:54.447036]: epoch 26
[2022-03-01 13:26:58.809191]: context ppl 344.6876 | text ppl 22.1717 | rating loss 0.6009 |   200/ 2001 batches
[2022-03-01 13:27:02.665621]: context ppl 343.5861 | text ppl 22.0142 | rating loss 0.5987 |   400/ 2001 batches
[2022-03-01 13:27:06.475833]: context ppl 348.1043 | text ppl 22.3339 | rating loss 0.6005 |   600/ 2001 batches
[2022-03-01 13:27:10.287886]: context ppl 344.0040 | text ppl 22.0578 | rating loss 0.6002 |   800/ 2001 batches
[2022-03-01 13:27:14.100608]: context ppl 348.8303 | text ppl 22.1820 | rating loss 0.6170 |  1000/ 2001 batches
[2022-03-01 13:27:17.918376]: context ppl 343.6121 | text ppl 22.0167 | rating loss 0.6083 |  1200/ 2001 batches
[2022-03-01 13:27:21.730239]: context ppl 344.7276 | text ppl 22.3178 | rating loss 0.6056 |  1400/ 2001 batches
[2022-03-01 13:27:25.900746]: context ppl 344.6701 | text ppl 22.0984 | rating loss 0.5943 |  1600/ 2001 batches
[2022-03-01 13:27:30.084690]: context ppl 344.6201 | text ppl 22.0834 | rating loss 0.5841 |  1800/ 2001 batches
[2022-03-01 13:27:34.271070]: context ppl 345.5043 | text ppl 22.0724 | rating loss 0.6017 |  2000/ 2001 batches
[2022-03-01 13:27:34.285479]: context ppl 385.3032 | text ppl 29.3231 | rating loss 0.8318 |  2001/ 2001 batches
[2022-03-01 13:27:35.995110]: context ppl 395.8694 | text ppl 28.2034 | rating loss 0.6504 | valid loss 3.9899 on validation
[2022-03-01 13:27:35.995168]: Endured 5 time(s)
[2022-03-01 13:27:35.995190]: Cannot endure it anymore | Exiting from early stop
=========================================================================================
[2022-03-01 13:27:37.833710]: context ppl 394.1308 | text ppl 28.3678 | rating loss 0.6539 on test | End of training
[2022-03-01 13:27:37.833777]: Generating text
[2022-03-01 13:27:51.273358]: RMSE  0.8086
[2022-03-01 13:27:51.281572]: MAE  0.6260
[2022-03-01 13:27:52.517574]: BLEU-1 24.2204
[2022-03-01 13:27:56.005223]: BLEU-4  4.5425
[2022-03-01 13:28:08.558243]: USR  0.2174 | USN    6958
[2022-03-01 13:31:35.593460]: DIV  1.6396
[2022-03-01 13:31:36.125962]: FCR  0.3427
[2022-03-01 13:31:36.135967]: FMR  0.8796
[2022-03-01 13:31:39.966534]: rouge_1/f_score 30.3490
[2022-03-01 13:31:39.966625]: rouge_1/r_score 29.0316
[2022-03-01 13:31:39.966647]: rouge_1/p_score 37.4653
[2022-03-01 13:31:39.966663]: rouge_2/f_score  9.1705
[2022-03-01 13:31:39.966691]: rouge_2/r_score  8.8360
[2022-03-01 13:31:39.966708]: rouge_2/p_score 11.9852
[2022-03-01 13:31:39.966722]: rouge_l/f_score 22.8816
[2022-03-01 13:31:39.966736]: rouge_l/r_score 25.1697
[2022-03-01 13:31:39.966750]: rouge_l/p_score 31.5598
[2022-03-01 13:31:40.018835]: Generated text saved to (./tripadvisorf/generated.txt)
